2026-03-08 17:12:31.028 [info] Reading sessions from keychain...
2026-03-08 17:12:31.028 [info] Getting sessions for all scopes...
2026-03-08 17:12:31.028 [info] Got 0 sessions for ...
2026-03-08 17:12:31.028 [info] Getting sessions for all scopes...
2026-03-08 17:12:31.028 [info] Got 0 sessions for ...
2026-03-08 17:12:31.028 [info] Getting sessions for all scopes...
2026-03-08 17:12:31.028 [info] Got 0 sessions for ...
2026-03-08 17:12:31.028 [info] Getting sessions for all scopes...
2026-03-08 17:12:31.028 [info] Got 0 sessions for ...
2026-03-08 17:12:31.028 [info] Getting sessions for all scopes...
2026-03-08 17:12:31.028 [info] Got 0 sessions for ...
2026-03-08 17:12:31.028 [info] Getting sessions for all scopes...
2026-03-08 17:12:31.028 [info] Got 0 sessions for ...
2026-03-08 17:12:31.028 [info] Getting sessions for all scopes...
2026-03-08 17:12:31.028 [info] Got 0 sessions for ...
2026-03-08 17:12:31.028 [info] Getting sessions for user:email...
2026-03-08 17:12:31.028 [info] Got 0 sessions for user:email...
2026-03-08 17:12:31.028 [info] Getting sessions for read:user,repo,user:email,workflow...
2026-03-08 17:12:31.028 [info] Got 0 sessions for read:user,repo,user:email,workflow...
2026-03-08 17:12:31.288 [info] Getting sessions for all scopes...
2026-03-08 17:12:31.288 [info] Got 0 sessions for ...
2026-03-08 17:12:31.848 [info] Getting sessions for all scopes...
2026-03-08 17:12:31.848 [info] Got 0 sessions for ...
2026-03-08 17:12:31.849 [info] Getting sessions for all scopes...
2026-03-08 17:12:31.849 [info] Got 0 sessions for ...
2026-03-08 17:12:31.849 [info] Getting sessions for user:email...
2026-03-08 17:12:31.849 [info] Got 0 sessions for user:email...
2026-03-08 17:12:31.857 [info] Getting sessions for all scopes...
2026-03-08 17:12:31.857 [info] Got 0 sessions for ...
2026-03-08 17:12:32.177 [info] Getting sessions for read:user,repo,user:email...
2026-03-08 17:12:32.177 [info] Got 0 sessions for read:user,repo,user:email...
2026-03-08 17:12:32.231 [info] Getting sessions for read:user,repo,user:email,workflow...
2026-03-08 17:12:32.231 [info] Got 0 sessions for read:user,repo,user:email,workflow...
2026-03-08 17:12:32.232 [info] Getting sessions for all scopes...
2026-03-08 17:12:32.232 [info] Got 0 sessions for ...
2026-03-08 17:12:32.315 [info] Getting sessions for user:email...
2026-03-08 17:12:32.315 [info] Got 0 sessions for user:email...
2026-03-08 17:12:32.367 [info] Getting sessions for all scopes...
2026-03-08 17:12:32.367 [info] Got 0 sessions for ...
2026-03-08 17:12:32.373 [info] Getting sessions for read:user,repo,user:email,workflow...
2026-03-08 17:12:32.373 [info] Got 0 sessions for read:user,repo,user:email,workflow...
2026-03-08 17:12:32.401 [info] Getting sessions for read:user,repo,user:email,workflow...
2026-03-08 17:12:32.401 [info] Got 0 sessions for read:user,repo,user:email,workflow...
2026-03-08 17:12:32.439 [info] Getting sessions for read:user,repo,user:email...
2026-03-08 17:12:32.439 [info] Got 0 sessions for read:user,repo,user:email...
2026-03-08 17:12:32.444 [info] Getting sessions for all scopes...
2026-03-08 17:12:32.444 [info] Got 0 sessions for ...
2026-03-08 17:12:32.484 [info] Getting sessions for all scopes...
2026-03-08 17:12:32.484 [info] Got 0 sessions for ...
2026-03-08 17:12:32.496 [info] Getting sessions for all scopes...
2026-03-08 17:12:32.496 [info] Got 0 sessions for ...
2026-03-08 17:12:32.497 [info] Getting sessions for read:user,repo,user:email,workflow...
2026-03-08 17:12:32.497 [info] Got 0 sessions for read:user,repo,user:email,workflow...
2026-03-08 17:12:32.501 [info] Getting sessions for all scopes...
2026-03-08 17:12:32.501 [info] Got 0 sessions for ...
2026-03-08 17:12:32.502 [info] Getting sessions for read:user,repo,user:email,workflow...
2026-03-08 17:12:32.502 [info] Got 0 sessions for read:user,repo,user:email,workflow...
2026-03-08 17:12:46.179 [info] Getting sessions for read:user,repo,user:email,workflow...
2026-03-08 17:12:46.179 [info] Got 0 sessions for read:user,repo,user:email,workflow...
2026-03-08 17:14:34.181 [info] Getting sessions for all scopes...
2026-03-08 17:14:34.181 [info] Got 0 sessions for ...
2026-03-08 17:14:34.183 [info] Getting sessions for user:email...
2026-03-08 17:14:34.183 [info] Got 0 sessions for user:email...
2026-03-08 17:14:34.197 [info] Getting sessions for all scopes...
2026-03-08 17:14:34.197 [info] Got 0 sessions for ...
2026-03-08 17:14:34.331 [info] Getting sessions for all scopes...
2026-03-08 17:14:34.332 [info] Got 0 sessions for ...
2026-03-08 17:14:34.413 [info] Getting sessions for all scopes...
2026-03-08 17:14:34.413 [info] Got 0 sessions for ...
2026-03-08 17:14:34.417 [info] Getting sessions for user:email...
2026-03-08 17:14:34.417 [info] Got 0 sessions for user:email...
2026-03-08 17:14:39.407 [info] Getting sessions for all scopes...
2026-03-08 17:14:39.407 [info] Got 0 sessions for ...
2026-03-08 17:14:39.408 [info] Getting sessions for user:email...
2026-03-08 17:14:39.408 [info] Got 0 sessions for user:email...
2026-03-08 17:14:40.884 [info] Getting sessions for read:user,repo,user:email,workflow...
2026-03-08 17:14:40.884 [info] Got 0 sessions for read:user,repo,user:email,workflow...
2026-03-08 17:14:42.484 [info] Logging in with 'any' account...
2026-03-08 17:14:42.484 [info] Logging in for the following scopes: read:user repo user:email workflow
2026-03-08 17:14:42.528 [info] Trying with local server... (read:user repo user:email workflow)
2026-03-08 17:15:02.158 [info] Exchanging code for token...
2026-03-08 17:15:03.219 [info] Token exchange success!
2026-03-08 17:15:03.220 [info] Getting user info...
2026-03-08 17:15:04.114 [info] Got account info!
2026-03-08 17:15:04.115 [info] Storing 1 sessions...
2026-03-08 17:15:04.117 [info] Reading sessions from keychain...
2026-03-08 17:15:04.117 [info] Stored 1 sessions!
2026-03-08 17:15:04.117 [info] Login success!
2026-03-08 17:15:04.120 [info] Got stored sessions!
2026-03-08 17:15:04.120 [info] Got 1 verified sessions.
2026-03-08 17:15:04.121 [info] Getting sessions for all scopes...
2026-03-08 17:15:04.121 [info] Got 1 sessions for ...
2026-03-08 17:15:04.121 [info] Getting sessions for all scopes...
2026-03-08 17:15:04.121 [info] Got 1 sessions for ...
2026-03-08 17:15:04.122 [info] Getting sessions for read:user,repo,user:email,workflow...
2026-03-08 17:15:04.122 [info] Got 1 sessions for read:user,repo,user:email,workflow...
2026-03-08 17:15:04.122 [info] Getting sessions for read:user,repo,user:email...
2026-03-08 17:15:04.122 [info] Got 0 sessions for read:user,repo,user:email...
2026-03-08 17:15:04.134 [info] Getting sessions for read:user,repo,user:email,workflow...
2026-03-08 17:15:04.134 [info] Got 1 sessions for read:user,repo,user:email,workflow...
2026-03-08 17:15:04.134 [info] Getting sessions for read:user,repo,user:email...
2026-03-08 17:15:04.134 [info] Got 0 sessions for read:user,repo,user:email...
2026-03-08 17:15:04.259 [info] Getting sessions for all scopes...
2026-03-08 17:15:04.259 [info] Got 1 sessions for ...
2026-03-08 17:15:04.260 [info] Getting sessions for all scopes...
2026-03-08 17:15:04.260 [info] Got 1 sessions for ...
2026-03-08 17:15:04.260 [info] Getting sessions for read:user,repo,user:email...
2026-03-08 17:15:04.260 [info] Got 0 sessions for read:user,repo,user:email...
2026-03-08 17:15:04.260 [info] Getting sessions for all scopes...
2026-03-08 17:15:04.260 [info] Got 1 sessions for ...
2026-03-08 17:15:04.262 [info] Getting sessions for read:user,repo,user:email,workflow...
2026-03-08 17:15:04.262 [info] Got 1 sessions for read:user,repo,user:email,workflow...
2026-03-08 17:15:04.263 [info] Getting sessions for read:user,repo,user:email...
2026-03-08 17:15:04.263 [info] Got 0 sessions for read:user,repo,user:email...
2026-03-08 17:15:04.267 [info] Getting sessions for read:user,repo,user:email...
2026-03-08 17:15:04.267 [info] Got 0 sessions for read:user,repo,user:email...
2026-03-08 17:15:04.833 [info] Getting sessions for all scopes...
2026-03-08 17:15:04.833 [info] Got 1 sessions for ...
2026-03-08 17:15:04.833 [info] Getting sessions for all scopes...
2026-03-08 17:15:04.833 [info] Got 1 sessions for ...
2026-03-08 17:15:04.835 [info] Getting sessions for read:user,repo,user:email,workflow...
2026-03-08 17:15:04.835 [info] Got 1 sessions for read:user,repo,user:email,workflow...
2026-03-08 17:15:04.937 [info] Getting sessions for all scopes...
2026-03-08 17:15:04.937 [info] Got 1 sessions for ...
2026-03-08 17:15:04.937 [info] Getting sessions for all scopes...
2026-03-08 17:15:04.937 [info] Got 1 sessions for ...
2026-03-08 17:15:04.952 [info] Getting sessions for read:user,repo,user:email,workflow...
2026-03-08 17:15:04.952 [info] Got 1 sessions for read:user,repo,user:email,workflow...
2026-03-08 17:15:04.954 [info] FetcherService: Electron fetch failed with status: 429 
2026-03-08 17:15:04.954 [info] Unable to resolve optional EDU details. Status: 429 
2026-03-08 17:15:05.364 [info] Getting sessions for all scopes...
2026-03-08 17:15:05.364 [info] Got 1 sessions for ...
2026-03-08 17:15:05.368 [info] Getting sessions for read:user,repo,user:email,workflow...
2026-03-08 17:15:05.368 [info] Got 1 sessions for read:user,repo,user:email,workflow...
2026-03-08 17:15:05.393 [info] Getting sessions for all scopes...
2026-03-08 17:15:05.393 [info] Got 1 sessions for ...
2026-03-08 17:15:05.394 [info] Getting sessions for read:user,repo,user:email,workflow...
2026-03-08 17:15:05.394 [info] Got 1 sessions for read:user,repo,user:email,workflow...
2026-03-08 17:15:10.247 [info] Getting sessions for read:user,repo,user:email...
2026-03-08 17:15:10.247 [info] Got 0 sessions for read:user,repo,user:email...
2026-03-08 17:15:11.840 [info] Getting sessions for all scopes...
2026-03-08 17:15:11.840 [info] Got 1 sessions for ...
2026-03-08 17:15:11.840 [info] Getting sessions for all scopes...
2026-03-08 17:15:11.840 [info] Got 1 sessions for ...
2026-03-08 17:15:27.080 [info] Getting sessions for all scopes...
2026-03-08 17:15:27.080 [info] Got 1 sessions for ...
2026-03-08 17:15:27.080 [info] Getting sessions for all scopes...
2026-03-08 17:15:27.080 [info] Got 1 sessions for ...
2026-03-08 17:15:32.636 [info] Getting sessions for all scopes...
2026-03-08 17:15:32.636 [info] Got 1 sessions for ...
2026-03-08 17:15:32.637 [info] Getting sessions for all scopes...
2026-03-08 17:15:32.637 [info] Got 1 sessions for ...
2026-03-08 17:15:45.327 [info] Getting sessions for all scopes...
2026-03-08 17:15:45.327 [info] Got 1 sessions for ...
2026-03-08 17:15:45.328 [info] Getting sessions for read:user,repo,user:email,workflow...
2026-03-08 17:15:45.328 [info] Got 1 sessions for read:user,repo,user:email,workflow...
2026-03-08 17:15:46.768 [info] Getting sessions for all scopes...
2026-03-08 17:15:46.768 [info] Got 1 sessions for ...
2026-03-08 17:15:46.768 [info] Getting sessions for read:user,repo,user:email,workflow...
2026-03-08 17:15:46.768 [info] Got 1 sessions for read:user,repo,user:email,workflow...
2026-03-08 17:17:16.004 [info] Getting sessions for read:user,repo,user:email...
2026-03-08 17:17:16.004 [info] Got 0 sessions for read:user,repo,user:email...
2026-03-08 17:17:16.093 [info] Getting sessions for all scopes...
2026-03-08 17:17:16.093 [info] Got 1 sessions for ...
2026-03-08 17:17:16.093 [info] Getting sessions for all scopes...
2026-03-08 17:17:16.093 [info] Got 1 sessions for ...
2026-03-08 17:17:47.835 [info] Getting sessions for all scopes...
2026-03-08 17:17:47.835 [info] Got 1 sessions for ...
2026-03-08 17:17:47.836 [info] Getting sessions for read:user,repo,user:email,workflow...
2026-03-08 17:17:47.836 [info] Got 1 sessions for read:user,repo,user:email,workflow...
2026-03-08 17:18:41.673 [info] Getting sessions for all scopes...
2026-03-08 17:18:41.673 [info] Got 1 sessions for ...
2026-03-08 17:18:41.675 [info] Getting sessions for read:user,repo,user:email,workflow...
2026-03-08 17:18:41.675 [info] Got 1 sessions for read:user,repo,user:email,workflow...
2026-03-08 17:19:18.417 [info] Getting sessions for user:email...
2026-03-08 17:19:18.417 [info] Got 0 sessions for user:email...
2026-03-08 17:19:22.473 [info] Logging in with 'any' account...
2026-03-08 17:19:22.474 [info] Logging in for the following scopes: user:email
2026-03-08 17:19:22.476 [info] Trying with local server... (user:email)
2026-03-08 17:19:28.782 [info] Exchanging code for token...
2026-03-08 17:19:29.615 [info] Token exchange success!
2026-03-08 17:19:29.615 [info] Getting user info...
2026-03-08 17:19:30.151 [info] Got account info!
2026-03-08 17:19:30.151 [info] Storing 2 sessions...
2026-03-08 17:19:30.154 [info] Reading sessions from keychain...
2026-03-08 17:19:30.154 [info] Stored 2 sessions!
2026-03-08 17:19:30.155 [info] Login success!
2026-03-08 17:19:30.155 [info] Getting sessions for all scopes...
2026-03-08 17:19:30.157 [info] Got stored sessions!
2026-03-08 17:19:30.157 [info] Got 2 verified sessions.
2026-03-08 17:19:30.157 [info] Got 2 sessions for ...
2026-03-08 17:19:30.157 [info] Getting sessions for user:email...
2026-03-08 17:19:30.157 [info] Got 1 sessions for user:email...
2026-03-08 17:19:30.157 [info] Getting sessions for all scopes...
2026-03-08 17:19:30.157 [info] Got 2 sessions for ...
2026-03-08 17:19:30.158 [info] Getting sessions for all scopes...
2026-03-08 17:19:30.158 [info] Got 2 sessions for ...
2026-03-08 17:19:30.158 [info] Getting sessions for all scopes...
2026-03-08 17:19:30.158 [info] Got 2 sessions for ...
2026-03-08 17:19:30.158 [info] Getting sessions for read:user,repo,user:email,workflow...
2026-03-08 17:19:30.158 [info] Got 1 sessions for read:user,repo,user:email,workflow...
2026-03-08 17:19:30.158 [info] Getting sessions for read:user,repo,user:email...
2026-03-08 17:19:30.158 [info] Got 0 sessions for read:user,repo,user:email...
2026-03-08 17:19:30.212 [info] Getting sessions for read:user,repo,user:email,workflow...
2026-03-08 17:19:30.212 [info] Got 1 sessions for read:user,repo,user:email,workflow...
2026-03-08 17:19:30.212 [info] Getting sessions for read:user,repo,user:email...
2026-03-08 17:19:30.212 [info] Got 0 sessions for read:user,repo,user:email...
2026-03-08 17:19:30.214 [info] Getting sessions for read:user,repo,user:email...
2026-03-08 17:19:30.214 [info] Got 0 sessions for read:user,repo,user:email...
2026-03-08 17:19:30.256 [info] Getting sessions for all scopes...
2026-03-08 17:19:30.256 [info] Got 2 sessions for ...
2026-03-08 17:19:30.256 [info] Getting sessions for all scopes...
2026-03-08 17:19:30.256 [info] Got 2 sessions for ...
2026-03-08 17:20:12.795 [info] Getting sessions for all scopes...
2026-03-08 17:20:12.795 [info] Got 2 sessions for ...
2026-03-08 17:20:12.795 [info] Getting sessions for all scopes...
2026-03-08 17:20:12.795 [info] Got 2 sessions for ...
2026-03-08 17:20:55.032 [info] Getting sessions for all scopes...
2026-03-08 17:20:55.032 [info] Got 2 sessions for ...
2026-03-08 17:20:55.032 [info] Getting sessions for all scopes...
2026-03-08 17:20:55.032 [info] Got 2 sessions for ...
2026-03-08 17:21:08.304 [info] Getting sessions for all scopes...
2026-03-08 17:21:08.304 [info] Got 2 sessions for ...
2026-03-08 17:21:08.304 [info] Getting sessions for all scopes...
2026-03-08 17:21:08.304 [info] Got 2 sessions for ...
2026-03-08 17:21:19.946 [info] Getting sessions for all scopes...
2026-03-08 17:21:19.946 [info] Got 2 sessions for ...
2026-03-08 17:21:19.946 [info] Getting sessions for all scopes...
2026-03-08 17:21:19.946 [info] Got 2 sessions for ...
2026-03-08 17:21:27.064 [info] Getting sessions for all scopes...
2026-03-08 17:21:27.064 [info] Got 2 sessions for ...
2026-03-08 17:21:27.065 [info] Getting sessions for all scopes...
2026-03-08 17:21:27.065 [info] Got 2 sessions for ...
2026-03-08 17:21:55.292 [info] Getting sessions for all scopes...
2026-03-08 17:21:55.292 [info] Got 2 sessions for ...
2026-03-08 17:21:55.292 [info] Getting sessions for all scopes...
2026-03-08 17:21:55.292 [info] Got 2 sessions for ...
2026-03-08 17:21:55.817 [info] Getting sessions for all scopes...
2026-03-08 17:21:55.817 [info] Got 2 sessions for ...
2026-03-08 17:21:55.818 [info] Getting sessions for all scopes...
2026-03-08 17:21:55.818 [info] Got 2 sessions for ...
2026-03-08 17:21:56.172 [info] Getting sessions for all scopes...
2026-03-08 17:21:56.172 [info] Got 2 sessions for ...
2026-03-08 17:21:56.173 [info] Getting sessions for all scopes...
2026-03-08 17:21:56.173 [info] Got 2 sessions for ...
