2026-03-15 17:59:57.758 [info] Reading sessions from keychain...
2026-03-15 17:59:57.758 [info] Getting sessions for all scopes...
2026-03-15 17:59:57.758 [info] Got stored sessions!
2026-03-15 17:59:57.758 [info] Got 2 verified sessions.
2026-03-15 17:59:57.758 [info] Got 2 sessions for ...
2026-03-15 17:59:57.758 [info] Getting sessions for all scopes...
2026-03-15 17:59:57.758 [info] Got 2 sessions for ...
2026-03-15 17:59:57.764 [info] Getting sessions for all scopes...
2026-03-15 17:59:57.764 [info] Got 2 sessions for ...
2026-03-15 17:59:58.123 [info] Getting sessions for user:email...
2026-03-15 17:59:58.123 [info] Got 1 sessions for user:email...
2026-03-15 17:59:58.454 [info] Getting sessions for read:user,repo,user:email...
2026-03-15 17:59:58.454 [info] Got 0 sessions for read:user,repo,user:email...
2026-03-15 17:59:59.631 [info] Getting sessions for all scopes...
2026-03-15 17:59:59.631 [info] Got 2 sessions for ...
2026-03-15 18:00:53.471 [info] Getting sessions for all scopes...
2026-03-15 18:00:53.471 [info] Got 2 sessions for ...
2026-03-15 18:00:53.471 [info] Getting sessions for all scopes...
2026-03-15 18:00:53.471 [info] Got 2 sessions for ...
2026-03-15 18:00:59.724 [info] Getting sessions for all scopes...
2026-03-15 18:00:59.724 [info] Got 2 sessions for ...
2026-03-15 18:00:59.724 [info] Getting sessions for all scopes...
2026-03-15 18:00:59.724 [info] Got 2 sessions for ...
