2026-03-08 17:12:31.149 [info] [main] Mức độ ghi log: Info
2026-03-08 17:12:31.149 [info] [main] Đang kiểm tra Git tìm thấy tại: "git"
2026-03-08 17:12:31.149 [info] [main] Sử dụng Git "2.53.0" từ "git"
2026-03-08 17:12:31.149 [info] [Model][doInitialScan] Initial repository scan started
2026-03-08 17:12:31.149 [info] > git rev-parse --show-toplevel [4ms]
2026-03-08 17:12:31.149 [info] > git rev-parse --git-dir --git-common-dir --show-superproject-working-tree [2ms]
2026-03-08 17:12:31.149 [info] [Model][openRepository] Opened repository (path): /home/bap/dotfiles
2026-03-08 17:12:31.149 [info] [Model][openRepository] Opened repository (real path): /home/bap/dotfiles
2026-03-08 17:12:31.149 [info] [Model][openRepository] Opened repository (kind): repository
2026-03-08 17:12:31.149 [info] > git rev-parse --show-toplevel [16ms]
2026-03-08 17:12:31.149 [info] > git config --get commit.template [20ms]
2026-03-08 17:12:31.300 [info] > git rev-parse --show-toplevel [147ms]
2026-03-08 17:12:31.488 [info] > git for-each-ref --format=%(refname)%00%(upstream:short)%00%(objectname)%00%(upstream:track)%00%(upstream:remotename)%00%(upstream:remoteref) refs/heads/master refs/remotes/master [195ms]
2026-03-08 17:12:31.578 [info] > git rev-parse --show-toplevel [186ms]
2026-03-08 17:12:31.824 [info] > git rev-parse --show-toplevel [189ms]
2026-03-08 17:12:32.130 [info] > git status -z -uall [299ms]
2026-03-08 17:12:32.131 [info] > git rev-parse --show-toplevel [284ms]
2026-03-08 17:12:32.131 [info] > git for-each-ref --sort -committerdate --format %(refname)%00%(objectname)%00%(*objectname) [293ms]
2026-03-08 17:12:32.208 [info] > git for-each-ref --format=%(refname)%00%(upstream:short)%00%(objectname)%00%(upstream:track)%00%(upstream:remotename)%00%(upstream:remoteref) refs/heads/master refs/remotes/master [60ms]
2026-03-08 17:12:32.220 [info] > git config --get --local branch.master.vscode-merge-base [8ms]
2026-03-08 17:12:32.229 [info] > git config --get commit.template [40ms]
2026-03-08 17:12:32.230 [info] > git rev-parse --show-toplevel [45ms]
2026-03-08 17:12:32.244 [info] > git for-each-ref --format=%(refname)%00%(upstream:short)%00%(objectname)%00%(upstream:track)%00%(upstream:remotename)%00%(upstream:remoteref) refs/heads/origin/main refs/remotes/origin/main [17ms]
2026-03-08 17:12:32.292 [info] > git merge-base refs/heads/master refs/remotes/origin/master [41ms]
2026-03-08 17:12:32.300 [info] > git rev-parse --show-toplevel [56ms]
2026-03-08 17:12:32.308 [info] > git diff --raw --numstat --diff-filter=ADMR -z --find-renames=50% 3f389ab51825a8fcb2abb53429e19101aff45e73...refs/remotes/origin/master -- [9ms]
2026-03-08 17:12:32.308 [info] > git for-each-ref --format=%(refname)%00%(upstream:short)%00%(objectname)%00%(upstream:track)%00%(upstream:remotename)%00%(upstream:remoteref) refs/heads/master refs/remotes/master [20ms]
2026-03-08 17:12:32.310 [info] > git rev-parse --show-toplevel [3ms]
2026-03-08 17:12:32.315 [info] > git rev-parse --show-toplevel [1ms]
2026-03-08 17:12:32.344 [info] > git status -z -uall [24ms]
2026-03-08 17:12:32.344 [info] > git rev-parse --show-toplevel [12ms]
2026-03-08 17:12:32.344 [info] > git for-each-ref --sort -committerdate --format %(refname)%00%(objectname)%00%(*objectname) [19ms]
2026-03-08 17:12:32.366 [info] > git rev-parse --show-toplevel [7ms]
2026-03-08 17:12:32.374 [info] > git rev-parse --show-toplevel [2ms]
2026-03-08 17:12:32.386 [info] > git rev-parse --show-toplevel [3ms]
2026-03-08 17:12:32.400 [info] > git rev-parse --show-toplevel [2ms]
2026-03-08 17:12:32.439 [info] > git rev-parse --show-toplevel [23ms]
2026-03-08 17:12:32.444 [info] > git rev-parse --show-toplevel [0ms]
2026-03-08 17:12:32.485 [info] > git rev-parse --show-toplevel [2ms]
2026-03-08 17:12:32.486 [info] [Model][doInitialScan] Initial repository scan completed - repositories (1), closed repositories (0), parent repositories (0), unsafe repositories (0)
2026-03-08 17:12:35.784 [info] > git config --get commit.template [4ms]
2026-03-08 17:12:35.784 [info] > git for-each-ref --format=%(refname)%00%(upstream:short)%00%(objectname)%00%(upstream:track)%00%(upstream:remotename)%00%(upstream:remoteref) refs/heads/master refs/remotes/master [0ms]
2026-03-08 17:12:35.792 [info] > git for-each-ref --sort -committerdate --format %(refname)%00%(objectname)%00%(*objectname) [1ms]
2026-03-08 17:12:35.795 [info] > git status -z -uall [7ms]
2026-03-08 17:12:40.804 [info] > git config --get commit.template [1ms]
2026-03-08 17:12:40.810 [info] > git for-each-ref --format=%(refname)%00%(upstream:short)%00%(objectname)%00%(upstream:track)%00%(upstream:remotename)%00%(upstream:remoteref) refs/heads/master refs/remotes/master [1ms]
2026-03-08 17:12:40.829 [info] > git status -z -uall [13ms]
2026-03-08 17:12:40.830 [info] > git for-each-ref --sort -committerdate --format %(refname)%00%(objectname)%00%(*objectname) [9ms]
2026-03-08 17:12:45.843 [info] > git config --get commit.template [3ms]
2026-03-08 17:12:45.843 [info] > git for-each-ref --format=%(refname)%00%(upstream:short)%00%(objectname)%00%(upstream:track)%00%(upstream:remotename)%00%(upstream:remoteref) refs/heads/master refs/remotes/master [0ms]
2026-03-08 17:12:45.853 [info] > git for-each-ref --sort -committerdate --format %(refname)%00%(objectname)%00%(*objectname) [1ms]
2026-03-08 17:12:45.855 [info] > git status -z -uall [8ms]
2026-03-08 17:12:46.108 [info] > git log --format=%H%n%aN%n%aE%n%at%n%ct%n%P%n%D%n%B -z --shortstat --diff-merges=first-parent -n50 --skip=0 --topo-order --decorate=full --stdin [3ms]
2026-03-08 17:12:46.206 [info] > git merge-base master origin/master [1ms]
2026-03-08 17:12:46.669 [info] > git check-ignore -v -z --stdin [1ms]
2026-03-08 17:12:49.550 [info] > git hash-object -t tree /dev/null [1ms]
2026-03-08 17:12:49.556 [info] > git diff-tree -r --raw --numstat --diff-filter=ADMR -z --find-renames=50% 4b825dc642cb6eb9a060e54bf8d69288fbee4904 3f389ab51825a8fcb2abb53429e19101aff45e73 -- [1ms]
2026-03-08 17:12:50.080 [info] > git check-ignore -v -z --stdin [0ms]
2026-03-08 17:12:50.869 [info] > git config --get commit.template [5ms]
2026-03-08 17:12:50.869 [info] > git for-each-ref --format=%(refname)%00%(upstream:short)%00%(objectname)%00%(upstream:track)%00%(upstream:remotename)%00%(upstream:remoteref) refs/heads/master refs/remotes/master [1ms]
2026-03-08 17:12:50.878 [info] > git for-each-ref --sort -committerdate --format %(refname)%00%(objectname)%00%(*objectname) [2ms]
2026-03-08 17:12:50.881 [info] > git status -z -uall [8ms]
2026-03-08 17:12:52.485 [info] > git check-ignore -v -z --stdin [0ms]
2026-03-08 17:12:54.198 [info] > git check-ignore -v -z --stdin [1ms]
2026-03-08 17:13:13.711 [info] > git check-ignore -v -z --stdin [1ms]
2026-03-08 17:13:16.968 [info] > git -c user.useConfigOnly=true commit --quiet [24403ms]
2026-03-08 17:13:16.968 [info] Aborting commit due to empty commit message.
2026-03-08 17:13:16.981 [info] > git config --get commit.template [5ms]
2026-03-08 17:13:16.982 [info] > git for-each-ref --format=%(refname)%00%(upstream:short)%00%(objectname)%00%(upstream:track)%00%(upstream:remotename)%00%(upstream:remoteref) refs/heads/master refs/remotes/master [1ms]
2026-03-08 17:13:16.992 [info] > git for-each-ref --sort -committerdate --format %(refname)%00%(objectname)%00%(*objectname) [1ms]
2026-03-08 17:13:16.994 [info] > git status -z -uall [7ms]
2026-03-08 17:13:17.005 [info] > git config --get commit.template [1ms]
2026-03-08 17:13:17.011 [info] > git for-each-ref --format=%(refname)%00%(upstream:short)%00%(objectname)%00%(upstream:track)%00%(upstream:remotename)%00%(upstream:remoteref) refs/heads/master refs/remotes/master [0ms]
2026-03-08 17:13:17.021 [info] > git for-each-ref --sort -committerdate --format %(refname)%00%(objectname)%00%(*objectname) [1ms]
2026-03-08 17:13:17.023 [info] > git status -z -uall [7ms]
2026-03-08 17:13:17.691 [info] > git check-ignore -v -z --stdin [1ms]
2026-03-08 17:13:22.037 [info] > git config --get commit.template [5ms]
2026-03-08 17:13:22.037 [info] > git for-each-ref --format=%(refname)%00%(upstream:short)%00%(objectname)%00%(upstream:track)%00%(upstream:remotename)%00%(upstream:remoteref) refs/heads/master refs/remotes/master [1ms]
2026-03-08 17:13:22.047 [info] > git for-each-ref --sort -committerdate --format %(refname)%00%(objectname)%00%(*objectname) [1ms]
2026-03-08 17:13:22.049 [info] > git status -z -uall [8ms]
2026-03-08 17:13:33.749 [info] > git config --get commit.template [11ms]
2026-03-08 17:13:33.749 [info] > git for-each-ref --format=%(refname)%00%(upstream:short)%00%(objectname)%00%(upstream:track)%00%(upstream:remotename)%00%(upstream:remoteref) refs/heads/master refs/remotes/master [1ms]
2026-03-08 17:13:33.772 [info] > git status -z -uall [12ms]
2026-03-08 17:13:33.772 [info] > git for-each-ref --sort -committerdate --format %(refname)%00%(objectname)%00%(*objectname) [2ms]
2026-03-08 17:13:34.426 [info] > git check-ignore -v -z --stdin [0ms]
2026-03-08 17:13:46.514 [info] > git config --get commit.template [5ms]
2026-03-08 17:13:46.514 [info] > git for-each-ref --format=%(refname)%00%(upstream:short)%00%(objectname)%00%(upstream:track)%00%(upstream:remotename)%00%(upstream:remoteref) refs/heads/master refs/remotes/master [1ms]
2026-03-08 17:13:46.524 [info] > git for-each-ref --sort -committerdate --format %(refname)%00%(objectname)%00%(*objectname) [0ms]
2026-03-08 17:13:46.526 [info] > git status -z -uall [7ms]
2026-03-08 17:13:51.548 [info] > git config --get commit.template [8ms]
2026-03-08 17:13:51.549 [info] > git for-each-ref --format=%(refname)%00%(upstream:short)%00%(objectname)%00%(upstream:track)%00%(upstream:remotename)%00%(upstream:remoteref) refs/heads/master refs/remotes/master [2ms]
2026-03-08 17:13:51.562 [info] > git for-each-ref --sort -committerdate --format %(refname)%00%(objectname)%00%(*objectname) [1ms]
2026-03-08 17:13:51.564 [info] > git status -z -uall [8ms]
2026-03-08 17:13:56.580 [info] > git config --get commit.template [5ms]
2026-03-08 17:13:56.580 [info] > git for-each-ref --format=%(refname)%00%(upstream:short)%00%(objectname)%00%(upstream:track)%00%(upstream:remotename)%00%(upstream:remoteref) refs/heads/master refs/remotes/master [1ms]
2026-03-08 17:13:56.590 [info] > git for-each-ref --sort -committerdate --format %(refname)%00%(objectname)%00%(*objectname) [1ms]
2026-03-08 17:13:56.593 [info] > git status -z -uall [8ms]
2026-03-08 17:14:01.613 [info] > git config --get commit.template [6ms]
2026-03-08 17:14:01.613 [info] > git for-each-ref --format=%(refname)%00%(upstream:short)%00%(objectname)%00%(upstream:track)%00%(upstream:remotename)%00%(upstream:remoteref) refs/heads/master refs/remotes/master [1ms]
2026-03-08 17:14:01.624 [info] > git for-each-ref --sort -committerdate --format %(refname)%00%(objectname)%00%(*objectname) [1ms]
2026-03-08 17:14:01.625 [info] > git status -z -uall [7ms]
2026-03-08 17:14:09.425 [info] > git config --get commit.template [7ms]
2026-03-08 17:14:09.426 [info] > git for-each-ref --format=%(refname)%00%(upstream:short)%00%(objectname)%00%(upstream:track)%00%(upstream:remotename)%00%(upstream:remoteref) refs/heads/master refs/remotes/master [2ms]
2026-03-08 17:14:09.438 [info] > git for-each-ref --sort -committerdate --format %(refname)%00%(objectname)%00%(*objectname) [1ms]
2026-03-08 17:14:09.444 [info] > git status -z -uall [12ms]
2026-03-08 17:14:10.856 [info] > git check-ignore -v -z --stdin [1ms]
2026-03-08 17:14:14.462 [info] > git config --get commit.template [6ms]
2026-03-08 17:14:14.462 [info] > git for-each-ref --format=%(refname)%00%(upstream:short)%00%(objectname)%00%(upstream:track)%00%(upstream:remotename)%00%(upstream:remoteref) refs/heads/master refs/remotes/master [1ms]
2026-03-08 17:14:14.475 [info] > git for-each-ref --sort -committerdate --format %(refname)%00%(objectname)%00%(*objectname) [1ms]
2026-03-08 17:14:14.480 [info] > git status -z -uall [12ms]
2026-03-08 17:14:16.053 [info] > git check-ignore -v -z --stdin [1ms]
2026-03-08 17:15:05.297 [info] > git config --get commit.template [7ms]
2026-03-08 17:15:05.309 [info] > git for-each-ref --format=%(refname)%00%(upstream:short)%00%(objectname)%00%(upstream:track)%00%(upstream:remotename)%00%(upstream:remoteref) refs/heads/master refs/remotes/master [3ms]
2026-03-08 17:15:05.339 [info] > git status -z -uall [20ms]
2026-03-08 17:15:05.339 [info] > git for-each-ref --sort -committerdate --format %(refname)%00%(objectname)%00%(*objectname) [16ms]
2026-03-08 17:15:05.352 [info] > git merge-base refs/heads/master refs/remotes/origin/master [3ms]
2026-03-08 17:15:05.365 [info] > git diff --raw --numstat --diff-filter=ADMR -z --find-renames=50% 3f389ab51825a8fcb2abb53429e19101aff45e73...refs/remotes/origin/master -- [7ms]
2026-03-08 17:15:09.923 [info] > git -c user.useConfigOnly=true commit --quiet [52130ms]
2026-03-08 17:15:09.923 [info] To https://github.com/cyyl1990/dotfiles.git
   3f389ab..c9cb1e0  master -> master
2026-03-08 17:15:09.929 [info] > git config --get commit.template [0ms]
2026-03-08 17:15:09.933 [info] > git for-each-ref --format=%(refname)%00%(upstream:short)%00%(objectname)%00%(upstream:track)%00%(upstream:remotename)%00%(upstream:remoteref) refs/heads/master refs/remotes/master [0ms]
2026-03-08 17:15:09.942 [info] > git for-each-ref --sort -committerdate --format %(refname)%00%(objectname)%00%(*objectname) [1ms]
2026-03-08 17:15:09.945 [info] > git status -z -uall [8ms]
2026-03-08 17:15:09.958 [info] > git merge-base refs/heads/master refs/remotes/origin/master [6ms]
2026-03-08 17:15:09.966 [info] > git diff --raw --numstat --diff-filter=ADMR -z --find-renames=50% c9cb1e0cd2428d027356e8f34c5a8c53197183ff...refs/remotes/origin/master -- [3ms]
2026-03-08 17:15:09.966 [info] > git config --get commit.template [8ms]
2026-03-08 17:15:09.975 [info] > git config --get commit.template [4ms]
2026-03-08 17:15:09.978 [info] > git for-each-ref --format=%(refname)%00%(upstream:short)%00%(objectname)%00%(upstream:track)%00%(upstream:remotename)%00%(upstream:remoteref) refs/heads/master refs/remotes/master [4ms]
2026-03-08 17:15:09.979 [info] > git for-each-ref --format=%(refname)%00%(upstream:short)%00%(objectname)%00%(upstream:track)%00%(upstream:remotename)%00%(upstream:remoteref) refs/heads/master refs/remotes/master [1ms]
2026-03-08 17:15:09.987 [info] > git for-each-ref --sort -committerdate --format %(refname)%00%(objectname)%00%(*objectname) [1ms]
2026-03-08 17:15:09.990 [info] > git status -z -uall [7ms]
2026-03-08 17:15:14.991 [info] > git config --get commit.template [4ms]
2026-03-08 17:15:14.991 [info] > git for-each-ref --format=%(refname)%00%(upstream:short)%00%(objectname)%00%(upstream:track)%00%(upstream:remotename)%00%(upstream:remoteref) refs/heads/master refs/remotes/master [1ms]
2026-03-08 17:15:15.000 [info] > git for-each-ref --sort -committerdate --format %(refname)%00%(objectname)%00%(*objectname) [1ms]
2026-03-08 17:15:15.002 [info] > git status -z -uall [7ms]
2026-03-08 17:15:20.020 [info] > git config --get commit.template [7ms]
2026-03-08 17:15:20.020 [info] > git for-each-ref --format=%(refname)%00%(upstream:short)%00%(objectname)%00%(upstream:track)%00%(upstream:remotename)%00%(upstream:remoteref) refs/heads/master refs/remotes/master [1ms]
2026-03-08 17:15:20.032 [info] > git for-each-ref --sort -committerdate --format %(refname)%00%(objectname)%00%(*objectname) [1ms]
2026-03-08 17:15:20.037 [info] > git status -z -uall [11ms]
2026-03-08 17:15:32.551 [info] > git config --get commit.template [8ms]
2026-03-08 17:15:32.551 [info] > git for-each-ref --format=%(refname)%00%(upstream:short)%00%(objectname)%00%(upstream:track)%00%(upstream:remotename)%00%(upstream:remoteref) refs/heads/master refs/remotes/master [1ms]
2026-03-08 17:15:32.562 [info] > git for-each-ref --sort -committerdate --format %(refname)%00%(objectname)%00%(*objectname) [1ms]
2026-03-08 17:15:32.568 [info] > git status -z -uall [12ms]
2026-03-08 17:15:37.584 [info] > git config --get commit.template [6ms]
2026-03-08 17:15:37.584 [info] > git for-each-ref --format=%(refname)%00%(upstream:short)%00%(objectname)%00%(upstream:track)%00%(upstream:remotename)%00%(upstream:remoteref) refs/heads/master refs/remotes/master [1ms]
2026-03-08 17:15:37.595 [info] > git for-each-ref --sort -committerdate --format %(refname)%00%(objectname)%00%(*objectname) [1ms]
2026-03-08 17:15:37.602 [info] > git status -z -uall [13ms]
2026-03-08 17:15:48.814 [info] > git config --get commit.template [5ms]
2026-03-08 17:15:48.815 [info] > git for-each-ref --format=%(refname)%00%(upstream:short)%00%(objectname)%00%(upstream:track)%00%(upstream:remotename)%00%(upstream:remoteref) refs/heads/master refs/remotes/master [1ms]
2026-03-08 17:15:48.824 [info] > git for-each-ref --sort -committerdate --format %(refname)%00%(objectname)%00%(*objectname) [0ms]
2026-03-08 17:15:48.827 [info] > git status -z -uall [8ms]
2026-03-08 17:15:53.844 [info] > git config --get commit.template [8ms]
2026-03-08 17:15:53.844 [info] > git for-each-ref --format=%(refname)%00%(upstream:short)%00%(objectname)%00%(upstream:track)%00%(upstream:remotename)%00%(upstream:remoteref) refs/heads/master refs/remotes/master [1ms]
2026-03-08 17:15:53.858 [info] > git for-each-ref --sort -committerdate --format %(refname)%00%(objectname)%00%(*objectname) [2ms]
2026-03-08 17:15:53.862 [info] > git status -z -uall [12ms]
2026-03-08 17:15:58.878 [info] > git config --get commit.template [7ms]
2026-03-08 17:15:58.878 [info] > git for-each-ref --format=%(refname)%00%(upstream:short)%00%(objectname)%00%(upstream:track)%00%(upstream:remotename)%00%(upstream:remoteref) refs/heads/master refs/remotes/master [1ms]
2026-03-08 17:15:58.892 [info] > git for-each-ref --sort -committerdate --format %(refname)%00%(objectname)%00%(*objectname) [2ms]
2026-03-08 17:15:58.896 [info] > git status -z -uall [12ms]
2026-03-08 17:16:03.909 [info] > git config --get commit.template [5ms]
2026-03-08 17:16:03.909 [info] > git for-each-ref --format=%(refname)%00%(upstream:short)%00%(objectname)%00%(upstream:track)%00%(upstream:remotename)%00%(upstream:remoteref) refs/heads/master refs/remotes/master [1ms]
2026-03-08 17:16:03.919 [info] > git for-each-ref --sort -committerdate --format %(refname)%00%(objectname)%00%(*objectname) [0ms]
2026-03-08 17:16:03.922 [info] > git status -z -uall [8ms]
2026-03-08 17:16:08.941 [info] > git config --get commit.template [9ms]
2026-03-08 17:16:08.941 [info] > git for-each-ref --format=%(refname)%00%(upstream:short)%00%(objectname)%00%(upstream:track)%00%(upstream:remotename)%00%(upstream:remoteref) refs/heads/master refs/remotes/master [1ms]
2026-03-08 17:16:08.957 [info] > git for-each-ref --sort -committerdate --format %(refname)%00%(objectname)%00%(*objectname) [2ms]
2026-03-08 17:16:08.960 [info] > git status -z -uall [11ms]
2026-03-08 17:16:13.972 [info] > git config --get commit.template [1ms]
2026-03-08 17:16:13.980 [info] > git for-each-ref --format=%(refname)%00%(upstream:short)%00%(objectname)%00%(upstream:track)%00%(upstream:remotename)%00%(upstream:remoteref) refs/heads/master refs/remotes/master [1ms]
2026-03-08 17:16:13.993 [info] > git for-each-ref --sort -committerdate --format %(refname)%00%(objectname)%00%(*objectname) [1ms]
2026-03-08 17:16:13.997 [info] > git status -z -uall [11ms]
2026-03-08 17:16:19.007 [info] > git config --get commit.template [1ms]
2026-03-08 17:16:19.013 [info] > git for-each-ref --format=%(refname)%00%(upstream:short)%00%(objectname)%00%(upstream:track)%00%(upstream:remotename)%00%(upstream:remoteref) refs/heads/master refs/remotes/master [1ms]
2026-03-08 17:16:19.022 [info] > git for-each-ref --sort -committerdate --format %(refname)%00%(objectname)%00%(*objectname) [1ms]
2026-03-08 17:16:19.024 [info] > git status -z -uall [7ms]
2026-03-08 17:17:16.003 [info] > git config --get commit.template [1ms]
2026-03-08 17:17:16.017 [info] > git for-each-ref --format=%(refname)%00%(upstream:short)%00%(objectname)%00%(upstream:track)%00%(upstream:remotename)%00%(upstream:remoteref) refs/heads/master refs/remotes/master [7ms]
2026-03-08 17:17:16.030 [info] > git status -z -uall [7ms]
2026-03-08 17:17:16.031 [info] > git for-each-ref --sort -committerdate --format %(refname)%00%(objectname)%00%(*objectname) [2ms]
2026-03-08 17:17:16.042 [info] > git merge-base refs/heads/master refs/remotes/origin/master [2ms]
2026-03-08 17:17:16.050 [info] > git diff --raw --numstat --diff-filter=ADMR -z --find-renames=50% 34a2329c9e612715213d6e6f4b68faa6c59452b3...refs/remotes/origin/master -- [1ms]
2026-03-08 17:17:21.056 [info] > git config --get commit.template [7ms]
2026-03-08 17:17:21.056 [info] > git for-each-ref --format=%(refname)%00%(upstream:short)%00%(objectname)%00%(upstream:track)%00%(upstream:remotename)%00%(upstream:remoteref) refs/heads/master refs/remotes/master [1ms]
2026-03-08 17:17:21.068 [info] > git status -z -uall [6ms]
2026-03-08 17:17:21.069 [info] > git for-each-ref --sort -committerdate --format %(refname)%00%(objectname)%00%(*objectname) [1ms]
2026-03-08 17:17:29.353 [info] > git config --get commit.template [8ms]
2026-03-08 17:17:29.353 [info] > git for-each-ref --format=%(refname)%00%(upstream:short)%00%(objectname)%00%(upstream:track)%00%(upstream:remotename)%00%(upstream:remoteref) refs/heads/master refs/remotes/master [1ms]
2026-03-08 17:17:29.368 [info] > git status -z -uall [7ms]
2026-03-08 17:17:29.369 [info] > git for-each-ref --sort -committerdate --format %(refname)%00%(objectname)%00%(*objectname) [2ms]
2026-03-08 17:17:35.117 [info] > git config --get commit.template [5ms]
2026-03-08 17:17:35.117 [info] > git for-each-ref --format=%(refname)%00%(upstream:short)%00%(objectname)%00%(upstream:track)%00%(upstream:remotename)%00%(upstream:remoteref) refs/heads/master refs/remotes/master [1ms]
2026-03-08 17:17:35.127 [info] > git status -z -uall [5ms]
2026-03-08 17:17:35.127 [info] > git for-each-ref --sort -committerdate --format %(refname)%00%(objectname)%00%(*objectname) [1ms]
2026-03-08 17:17:50.122 [info] > git config --get commit.template [6ms]
2026-03-08 17:17:50.123 [info] > git for-each-ref --format=%(refname)%00%(upstream:short)%00%(objectname)%00%(upstream:track)%00%(upstream:remotename)%00%(upstream:remoteref) refs/heads/master refs/remotes/master [1ms]
2026-03-08 17:17:50.135 [info] > git status -z -uall [6ms]
2026-03-08 17:17:50.135 [info] > git for-each-ref --sort -committerdate --format %(refname)%00%(objectname)%00%(*objectname) [1ms]
2026-03-08 17:18:17.198 [info] > git config --get commit.template [5ms]
2026-03-08 17:18:17.198 [info] > git for-each-ref --format=%(refname)%00%(upstream:short)%00%(objectname)%00%(upstream:track)%00%(upstream:remotename)%00%(upstream:remoteref) refs/heads/master refs/remotes/master [0ms]
2026-03-08 17:18:17.207 [info] > git status -z -uall [5ms]
2026-03-08 17:18:17.207 [info] > git for-each-ref --sort -committerdate --format %(refname)%00%(objectname)%00%(*objectname) [0ms]
2026-03-08 17:18:31.407 [info] > git config --get commit.template [7ms]
2026-03-08 17:18:31.407 [info] > git for-each-ref --format=%(refname)%00%(upstream:short)%00%(objectname)%00%(upstream:track)%00%(upstream:remotename)%00%(upstream:remoteref) refs/heads/master refs/remotes/master [1ms]
2026-03-08 17:18:31.423 [info] > git status -z -uall [9ms]
2026-03-08 17:18:31.423 [info] > git for-each-ref --sort -committerdate --format %(refname)%00%(objectname)%00%(*objectname) [3ms]
2026-03-08 17:18:36.438 [info] > git config --get commit.template [7ms]
2026-03-08 17:18:36.438 [info] > git for-each-ref --format=%(refname)%00%(upstream:short)%00%(objectname)%00%(upstream:track)%00%(upstream:remotename)%00%(upstream:remoteref) refs/heads/master refs/remotes/master [1ms]
2026-03-08 17:18:36.451 [info] > git for-each-ref --sort -committerdate --format %(refname)%00%(objectname)%00%(*objectname) [1ms]
2026-03-08 17:18:36.452 [info] > git status -z -uall [8ms]
2026-03-08 17:18:41.469 [info] > git config --get commit.template [2ms]
2026-03-08 17:18:41.481 [info] > git for-each-ref --format=%(refname)%00%(upstream:short)%00%(objectname)%00%(upstream:track)%00%(upstream:remotename)%00%(upstream:remoteref) refs/heads/master refs/remotes/master [1ms]
2026-03-08 17:18:41.503 [info] > git status -z -uall [11ms]
2026-03-08 17:18:41.503 [info] > git for-each-ref --sort -committerdate --format %(refname)%00%(objectname)%00%(*objectname) [1ms]
2026-03-08 17:18:46.515 [info] > git config --get commit.template [5ms]
2026-03-08 17:18:46.516 [info] > git for-each-ref --format=%(refname)%00%(upstream:short)%00%(objectname)%00%(upstream:track)%00%(upstream:remotename)%00%(upstream:remoteref) refs/heads/master refs/remotes/master [1ms]
2026-03-08 17:18:46.526 [info] > git status -z -uall [6ms]
2026-03-08 17:18:46.527 [info] > git for-each-ref --sort -committerdate --format %(refname)%00%(objectname)%00%(*objectname) [1ms]
2026-03-08 17:18:51.543 [info] > git config --get commit.template [7ms]
2026-03-08 17:18:51.543 [info] > git for-each-ref --format=%(refname)%00%(upstream:short)%00%(objectname)%00%(upstream:track)%00%(upstream:remotename)%00%(upstream:remoteref) refs/heads/master refs/remotes/master [1ms]
2026-03-08 17:18:51.557 [info] > git for-each-ref --sort -committerdate --format %(refname)%00%(objectname)%00%(*objectname) [2ms]
2026-03-08 17:18:51.559 [info] > git status -z -uall [10ms]
2026-03-08 17:18:57.613 [info] > git config --get commit.template [6ms]
2026-03-08 17:18:57.614 [info] > git for-each-ref --format=%(refname)%00%(upstream:short)%00%(objectname)%00%(upstream:track)%00%(upstream:remotename)%00%(upstream:remoteref) refs/heads/master refs/remotes/master [2ms]
2026-03-08 17:18:57.628 [info] > git for-each-ref --sort -committerdate --format %(refname)%00%(objectname)%00%(*objectname) [1ms]
2026-03-08 17:18:57.631 [info] > git status -z -uall [11ms]
2026-03-08 17:19:04.778 [info] > git config --get commit.template [9ms]
2026-03-08 17:19:04.779 [info] > git for-each-ref --format=%(refname)%00%(upstream:short)%00%(objectname)%00%(upstream:track)%00%(upstream:remotename)%00%(upstream:remoteref) refs/heads/master refs/remotes/master [2ms]
2026-03-08 17:19:04.793 [info] > git for-each-ref --sort -committerdate --format %(refname)%00%(objectname)%00%(*objectname) [1ms]
2026-03-08 17:19:04.796 [info] > git status -z -uall [10ms]
2026-03-08 17:19:09.812 [info] > git config --get commit.template [6ms]
2026-03-08 17:19:09.813 [info] > git for-each-ref --format=%(refname)%00%(upstream:short)%00%(objectname)%00%(upstream:track)%00%(upstream:remotename)%00%(upstream:remoteref) refs/heads/master refs/remotes/master [1ms]
2026-03-08 17:19:09.826 [info] > git for-each-ref --sort -committerdate --format %(refname)%00%(objectname)%00%(*objectname) [1ms]
2026-03-08 17:19:09.829 [info] > git status -z -uall [10ms]
2026-03-08 17:19:14.844 [info] > git config --get commit.template [6ms]
2026-03-08 17:19:14.845 [info] > git for-each-ref --format=%(refname)%00%(upstream:short)%00%(objectname)%00%(upstream:track)%00%(upstream:remotename)%00%(upstream:remoteref) refs/heads/master refs/remotes/master [1ms]
2026-03-08 17:19:14.858 [info] > git for-each-ref --sort -committerdate --format %(refname)%00%(objectname)%00%(*objectname) [1ms]
2026-03-08 17:19:14.861 [info] > git status -z -uall [10ms]
2026-03-08 17:19:19.876 [info] > git config --get commit.template [7ms]
2026-03-08 17:19:19.876 [info] > git for-each-ref --format=%(refname)%00%(upstream:short)%00%(objectname)%00%(upstream:track)%00%(upstream:remotename)%00%(upstream:remoteref) refs/heads/master refs/remotes/master [1ms]
2026-03-08 17:19:19.888 [info] > git for-each-ref --sort -committerdate --format %(refname)%00%(objectname)%00%(*objectname) [1ms]
2026-03-08 17:19:19.892 [info] > git status -z -uall [10ms]
2026-03-08 17:19:24.910 [info] > git config --get commit.template [7ms]
2026-03-08 17:19:24.911 [info] > git for-each-ref --format=%(refname)%00%(upstream:short)%00%(objectname)%00%(upstream:track)%00%(upstream:remotename)%00%(upstream:remoteref) refs/heads/master refs/remotes/master [1ms]
2026-03-08 17:19:24.924 [info] > git for-each-ref --sort -committerdate --format %(refname)%00%(objectname)%00%(*objectname) [1ms]
2026-03-08 17:19:24.926 [info] > git status -z -uall [10ms]
2026-03-08 17:19:29.961 [info] > git config --get commit.template [1ms]
2026-03-08 17:19:29.974 [info] > git for-each-ref --format=%(refname)%00%(upstream:short)%00%(objectname)%00%(upstream:track)%00%(upstream:remotename)%00%(upstream:remoteref) refs/heads/master refs/remotes/master [1ms]
2026-03-08 17:19:29.994 [info] > git status -z -uall [11ms]
2026-03-08 17:19:29.995 [info] > git for-each-ref --sort -committerdate --format %(refname)%00%(objectname)%00%(*objectname) [2ms]
2026-03-08 17:19:35.125 [info] > git config --get commit.template [6ms]
2026-03-08 17:19:35.126 [info] > git for-each-ref --format=%(refname)%00%(upstream:short)%00%(objectname)%00%(upstream:track)%00%(upstream:remotename)%00%(upstream:remoteref) refs/heads/master refs/remotes/master [1ms]
2026-03-08 17:19:35.140 [info] > git for-each-ref --sort -committerdate --format %(refname)%00%(objectname)%00%(*objectname) [2ms]
2026-03-08 17:19:35.145 [info] > git status -z -uall [13ms]
2026-03-08 17:19:40.164 [info] > git config --get commit.template [10ms]
2026-03-08 17:19:40.165 [info] > git for-each-ref --format=%(refname)%00%(upstream:short)%00%(objectname)%00%(upstream:track)%00%(upstream:remotename)%00%(upstream:remoteref) refs/heads/master refs/remotes/master [1ms]
2026-03-08 17:19:40.179 [info] > git for-each-ref --sort -committerdate --format %(refname)%00%(objectname)%00%(*objectname) [1ms]
2026-03-08 17:19:40.186 [info] > git status -z -uall [14ms]
2026-03-08 17:20:12.715 [info] > git config --get commit.template [9ms]
2026-03-08 17:20:12.715 [info] > git for-each-ref --format=%(refname)%00%(upstream:short)%00%(objectname)%00%(upstream:track)%00%(upstream:remotename)%00%(upstream:remoteref) refs/heads/master refs/remotes/master [1ms]
2026-03-08 17:20:12.732 [info] > git for-each-ref --sort -committerdate --format %(refname)%00%(objectname)%00%(*objectname) [1ms]
2026-03-08 17:20:12.734 [info] > git status -z -uall [10ms]
2026-03-08 17:20:54.951 [info] > git config --get commit.template [9ms]
2026-03-08 17:20:54.951 [info] > git for-each-ref --format=%(refname)%00%(upstream:short)%00%(objectname)%00%(upstream:track)%00%(upstream:remotename)%00%(upstream:remoteref) refs/heads/master refs/remotes/master [1ms]
2026-03-08 17:20:54.965 [info] > git for-each-ref --sort -committerdate --format %(refname)%00%(objectname)%00%(*objectname) [1ms]
2026-03-08 17:20:54.971 [info] > git status -z -uall [13ms]
2026-03-08 17:20:59.987 [info] > git config --get commit.template [6ms]
2026-03-08 17:20:59.988 [info] > git for-each-ref --format=%(refname)%00%(upstream:short)%00%(objectname)%00%(upstream:track)%00%(upstream:remotename)%00%(upstream:remoteref) refs/heads/master refs/remotes/master [1ms]
2026-03-08 17:21:00.002 [info] > git for-each-ref --sort -committerdate --format %(refname)%00%(objectname)%00%(*objectname) [2ms]
2026-03-08 17:21:00.008 [info] > git status -z -uall [14ms]
2026-03-08 17:21:05.025 [info] > git config --get commit.template [6ms]
2026-03-08 17:21:05.025 [info] > git for-each-ref --format=%(refname)%00%(upstream:short)%00%(objectname)%00%(upstream:track)%00%(upstream:remotename)%00%(upstream:remoteref) refs/heads/master refs/remotes/master [1ms]
2026-03-08 17:21:05.039 [info] > git for-each-ref --sort -committerdate --format %(refname)%00%(objectname)%00%(*objectname) [1ms]
2026-03-08 17:21:05.044 [info] > git status -z -uall [13ms]
2026-03-08 17:21:10.073 [info] > git config --get commit.template [14ms]
2026-03-08 17:21:10.073 [info] > git for-each-ref --format=%(refname)%00%(upstream:short)%00%(objectname)%00%(upstream:track)%00%(upstream:remotename)%00%(upstream:remoteref) refs/heads/master refs/remotes/master [2ms]
2026-03-08 17:21:10.097 [info] > git status -z -uall [12ms]
2026-03-08 17:21:10.097 [info] > git for-each-ref --sort -committerdate --format %(refname)%00%(objectname)%00%(*objectname) [2ms]
2026-03-08 17:21:15.110 [info] > git config --get commit.template [4ms]
2026-03-08 17:21:15.111 [info] > git for-each-ref --format=%(refname)%00%(upstream:short)%00%(objectname)%00%(upstream:track)%00%(upstream:remotename)%00%(upstream:remoteref) refs/heads/master refs/remotes/master [1ms]
2026-03-08 17:21:15.120 [info] > git for-each-ref --sort -committerdate --format %(refname)%00%(objectname)%00%(*objectname) [1ms]
2026-03-08 17:21:15.123 [info] > git status -z -uall [8ms]
2026-03-08 17:21:22.309 [info] > git config --get commit.template [1ms]
2026-03-08 17:21:22.317 [info] > git for-each-ref --format=%(refname)%00%(upstream:short)%00%(objectname)%00%(upstream:track)%00%(upstream:remotename)%00%(upstream:remoteref) refs/heads/master refs/remotes/master [1ms]
2026-03-08 17:21:22.330 [info] > git for-each-ref --sort -committerdate --format %(refname)%00%(objectname)%00%(*objectname) [1ms]
2026-03-08 17:21:22.336 [info] > git status -z -uall [13ms]
2026-03-08 17:21:27.353 [info] > git config --get commit.template [7ms]
2026-03-08 17:21:27.354 [info] > git for-each-ref --format=%(refname)%00%(upstream:short)%00%(objectname)%00%(upstream:track)%00%(upstream:remotename)%00%(upstream:remoteref) refs/heads/master refs/remotes/master [2ms]
2026-03-08 17:21:27.368 [info] > git for-each-ref --sort -committerdate --format %(refname)%00%(objectname)%00%(*objectname) [1ms]
2026-03-08 17:21:27.374 [info] > git status -z -uall [14ms]
2026-03-08 17:21:32.390 [info] > git config --get commit.template [7ms]
2026-03-08 17:21:32.390 [info] > git for-each-ref --format=%(refname)%00%(upstream:short)%00%(objectname)%00%(upstream:track)%00%(upstream:remotename)%00%(upstream:remoteref) refs/heads/master refs/remotes/master [1ms]
2026-03-08 17:21:32.404 [info] > git for-each-ref --sort -committerdate --format %(refname)%00%(objectname)%00%(*objectname) [1ms]
2026-03-08 17:21:32.410 [info] > git status -z -uall [14ms]
2026-03-08 17:21:37.423 [info] > git config --get commit.template [5ms]
2026-03-08 17:21:37.423 [info] > git for-each-ref --format=%(refname)%00%(upstream:short)%00%(objectname)%00%(upstream:track)%00%(upstream:remotename)%00%(upstream:remoteref) refs/heads/master refs/remotes/master [0ms]
2026-03-08 17:21:37.433 [info] > git for-each-ref --sort -committerdate --format %(refname)%00%(objectname)%00%(*objectname) [1ms]
2026-03-08 17:21:37.436 [info] > git status -z -uall [8ms]
2026-03-08 17:21:42.453 [info] > git config --get commit.template [7ms]
2026-03-08 17:21:42.454 [info] > git for-each-ref --format=%(refname)%00%(upstream:short)%00%(objectname)%00%(upstream:track)%00%(upstream:remotename)%00%(upstream:remoteref) refs/heads/master refs/remotes/master [1ms]
2026-03-08 17:21:42.467 [info] > git for-each-ref --sort -committerdate --format %(refname)%00%(objectname)%00%(*objectname) [1ms]
2026-03-08 17:21:42.473 [info] > git status -z -uall [13ms]
2026-03-08 17:21:47.981 [info] > git config --get commit.template [7ms]
2026-03-08 17:21:47.982 [info] > git for-each-ref --format=%(refname)%00%(upstream:short)%00%(objectname)%00%(upstream:track)%00%(upstream:remotename)%00%(upstream:remoteref) refs/heads/master refs/remotes/master [1ms]
2026-03-08 17:21:47.995 [info] > git for-each-ref --sort -committerdate --format %(refname)%00%(objectname)%00%(*objectname) [2ms]
2026-03-08 17:21:48.001 [info] > git status -z -uall [13ms]
