2026-03-08 17:12:37.837 [info] Python-envs extension version: 1.20.1
2026-03-08 17:12:37.838 [info] 
=== Python Envs Configuration Levels ===
2026-03-08 17:12:37.838 [info] {
  "section": "Python Envs Configuration Levels",
  "defaultEnvManager": {
    "workspaceFolderValue": "undefined",
    "workspaceValue": "undefined",
    "globalValue": "undefined",
    "defaultValue": "ms-python.python:venv"
  },
  "defaultPackageManager": {
    "workspaceFolderValue": "undefined",
    "workspaceValue": "undefined",
    "globalValue": "undefined",
    "defaultValue": "ms-python.python:pip"
  }
}
2026-03-08 17:12:37.838 [info] [pet] Starting Python Locator /home/bap/.vscode/extensions/ms-python.vscode-python-envs-1.20.1-linux-x64/python-env-tools/bin/pet server
2026-03-08 17:12:37.839 [info] [pet] configure: Sending configuration update: {"workspaceDirectories":["/home/bap/dotfiles"],"environmentDirectories":["/home/bap/dotfiles/**/.venv"],"pipenvExecutable":"pipenv","poetryExecutable":"poetry","cacheDirectory":"/home/bap/.config/Code/User/globalStorage/ms-python.vscode-python-envs/pythonLocator"}
2026-03-08 17:12:37.951 [info] Discovered env: /usr/bin/python
2026-03-08 17:12:37.953 [info] Conda not found, turning off conda features. [Error: Conda not found
	at F (/home/bap/.vscode/extensions/ms-python.vscode-python-envs-1.20.1-linux-x64/dist/extension.js:2:578361)
	at async L (/home/bap/.vscode/extensions/ms-python.vscode-python-envs-1.20.1-linux-x64/dist/extension.js:2:578486)
	at async t.registerCondaFeatures (/home/bap/.vscode/extensions/ms-python.vscode-python-envs-1.20.1-linux-x64/dist/extension.js:2:596321)
	at async Promise.all (index 1)
	at async Immediate.<anonymous> (/home/bap/.vscode/extensions/ms-python.vscode-python-envs-1.20.1-linux-x64/dist/extension.js:2:717155)]
2026-03-08 17:12:37.953 [info] [pet] Telemetry:  {"event":"RefreshPerformance","data":{"refreshPerformance":{"total":86,"breakdown":{"GlobalVirtualEnvs":0,"Locators":76,"Path":84,"Workspaces":10},"locators":{"Conda":73,"Homebrew":0,"LinuxGlobal":74,"PipEnv":0,"Pixi":0,"Poetry":0,"PyEnv":3,"Uv":0,"Venv":0,"VirtualEnv":0,"VirtualEnvWrapper":0}}}}
2026-03-08 17:12:38.027 [info] Discovered env: /usr/bin/python
2026-03-08 17:12:38.035 [info] Pipenv not found
2026-03-08 17:12:38.036 [info] Pipenv not found, turning off pipenv features. If you have pipenv installed in a non-standard location, set the "python.pipenvPath" setting.
2026-03-08 17:12:38.036 [info] [pet] Telemetry:  {"event":"RefreshPerformance","data":{"refreshPerformance":{"total":81,"breakdown":{"GlobalVirtualEnvs":0,"Locators":73,"Path":81,"Workspaces":4},"locators":{"Conda":72,"Homebrew":0,"LinuxGlobal":73,"PipEnv":0,"Pixi":0,"Poetry":0,"PyEnv":0,"Uv":0,"Venv":0,"VirtualEnv":0,"VirtualEnvWrapper":0}}}}
2026-03-08 17:12:38.106 [info] Discovered env: /usr/bin/python
2026-03-08 17:12:38.118 [info] Pyenv not found, turning off pyenv features.
2026-03-08 17:12:38.118 [info] [pet] Telemetry:  {"event":"RefreshPerformance","data":{"refreshPerformance":{"total":81,"breakdown":{"GlobalVirtualEnvs":0,"Locators":69,"Path":81,"Workspaces":3},"locators":{"Conda":68,"Homebrew":0,"LinuxGlobal":69,"PipEnv":0,"Pixi":0,"Poetry":0,"PyEnv":0,"Uv":0,"Venv":0,"VirtualEnv":0,"VirtualEnvWrapper":0}}}}
2026-03-08 17:12:38.192 [info] Discovered env: /usr/bin/python
2026-03-08 17:12:38.205 [info] Poetry not found, turning off poetry features.
2026-03-08 17:12:38.206 [info] [interpreterSelection] Applying initial environment selection for 1 workspace folder(s)
2026-03-08 17:12:38.207 [info] [pet] Telemetry:  {"event":"RefreshPerformance","data":{"refreshPerformance":{"total":86,"breakdown":{"GlobalVirtualEnvs":0,"Locators":73,"Path":85,"Workspaces":2},"locators":{"Conda":71,"Homebrew":0,"LinuxGlobal":72,"PipEnv":0,"Pixi":0,"Poetry":0,"PyEnv":0,"Uv":0,"Venv":0,"VirtualEnv":0,"VirtualEnvWrapper":0}}}}
2026-03-08 17:12:38.209 [info] [interpreterSelection] dotfiles: Python 3.14.3 (source: autoDiscovery)
2026-03-08 17:12:38.210 [info] Python API: Changed environment from undefined to Python 3.14.3 for: /home/bap/dotfiles
2026-03-08 17:12:38.210 [info] Internal: Changed environment from undefined to Python 3.14.3 for: /home/bap/dotfiles
2026-03-08 17:12:38.211 [info] [interpreterSelection] global: Python 3.14.3 (source: autoDiscovery)
2026-03-08 17:12:38.216 [info] Python API: Changed environment from undefined to Python 3.14.3 for: global
2026-03-08 17:12:38.216 [info] Internal: Changed environment from undefined to Python 3.14.3 for: global
