2026-03-08 17:07:06.834 [info] Reading sessions from keychain...
2026-03-08 17:07:06.861 [info] Getting sessions for all scopes...
2026-03-08 17:07:06.897 [info] Got 0 sessions for ...
2026-03-08 17:07:06.898 [info] Getting sessions for all scopes...
2026-03-08 17:07:06.898 [info] Got 0 sessions for ...
2026-03-08 17:07:06.923 [info] Getting sessions for all scopes...
2026-03-08 17:07:06.923 [info] Got 0 sessions for ...
2026-03-08 17:07:06.985 [info] Getting sessions for all scopes...
2026-03-08 17:07:06.985 [info] Got 0 sessions for ...
2026-03-08 17:07:07.616 [info] Getting sessions for read:user,repo,user:email...
2026-03-08 17:07:07.616 [info] Got 0 sessions for read:user,repo,user:email...
2026-03-08 17:07:07.660 [info] Getting sessions for read:user,repo,user:email...
2026-03-08 17:07:07.660 [info] Got 0 sessions for read:user,repo,user:email...
2026-03-08 17:07:08.750 [info] Getting sessions for all scopes...
2026-03-08 17:07:08.750 [info] Got 0 sessions for ...
2026-03-08 17:07:18.604 [info] Getting sessions for read:user,repo,user:email...
2026-03-08 17:07:18.604 [info] Got 0 sessions for read:user,repo,user:email...
2026-03-08 17:07:18.725 [info] Getting sessions for all scopes...
2026-03-08 17:07:18.725 [info] Got 0 sessions for ...
2026-03-08 17:07:18.725 [info] Getting sessions for all scopes...
2026-03-08 17:07:18.725 [info] Got 0 sessions for ...
2026-03-08 17:07:18.916 [info] Getting sessions for user:email...
2026-03-08 17:07:18.916 [info] Got 0 sessions for user:email...
2026-03-08 17:07:18.916 [info] Getting sessions for read:user,repo,user:email,workflow...
2026-03-08 17:07:18.916 [info] Got 0 sessions for read:user,repo,user:email,workflow...
2026-03-08 17:07:19.014 [info] Getting sessions for all scopes...
2026-03-08 17:07:19.014 [info] Got 0 sessions for ...
2026-03-08 17:07:19.046 [info] Getting sessions for read:user,repo,user:email,workflow...
2026-03-08 17:07:19.046 [info] Got 0 sessions for read:user,repo,user:email,workflow...
2026-03-08 17:07:19.061 [info] Getting sessions for user:email...
2026-03-08 17:07:19.061 [info] Got 0 sessions for user:email...
2026-03-08 17:07:19.423 [info] Getting sessions for all scopes...
2026-03-08 17:07:19.423 [info] Got 0 sessions for ...
2026-03-08 17:07:19.423 [info] Getting sessions for all scopes...
2026-03-08 17:07:19.423 [info] Got 0 sessions for ...
2026-03-08 17:07:19.423 [info] Getting sessions for all scopes...
2026-03-08 17:07:19.423 [info] Got 0 sessions for ...
2026-03-08 17:07:19.673 [info] Getting sessions for user:email...
2026-03-08 17:07:19.673 [info] Got 0 sessions for user:email...
2026-03-08 17:07:19.673 [info] Getting sessions for read:user,repo,user:email,workflow...
2026-03-08 17:07:19.673 [info] Got 0 sessions for read:user,repo,user:email,workflow...
2026-03-08 17:07:19.704 [info] Getting sessions for all scopes...
2026-03-08 17:07:19.704 [info] Got 0 sessions for ...
2026-03-08 17:07:19.704 [info] Getting sessions for read:user,repo,user:email,workflow...
2026-03-08 17:07:19.704 [info] Got 0 sessions for read:user,repo,user:email,workflow...
2026-03-08 17:07:19.706 [info] Getting sessions for all scopes...
2026-03-08 17:07:19.706 [info] Got 0 sessions for ...
2026-03-08 17:07:19.706 [info] Getting sessions for read:user,repo,user:email,workflow...
2026-03-08 17:07:19.706 [info] Got 0 sessions for read:user,repo,user:email,workflow...
2026-03-08 17:07:20.201 [info] Getting sessions for read:user,repo,user:email...
2026-03-08 17:07:20.201 [info] Got 0 sessions for read:user,repo,user:email...
2026-03-08 17:07:39.147 [info] Getting sessions for read:user,repo,user:email,workflow...
2026-03-08 17:07:39.147 [info] Got 0 sessions for read:user,repo,user:email,workflow...
2026-03-08 17:09:44.598 [info] Getting sessions for all scopes...
2026-03-08 17:09:44.598 [info] Got 0 sessions for ...
2026-03-08 17:09:44.599 [info] Getting sessions for read:user,repo,user:email,workflow...
2026-03-08 17:09:44.599 [info] Got 0 sessions for read:user,repo,user:email,workflow...
