2026-03-08 17:12:11.538 [info] Python-envs extension version: 1.20.1
2026-03-08 17:12:11.538 [info] 
=== Python Envs Configuration Levels ===
2026-03-08 17:12:11.538 [info] {
  "section": "Python Envs Configuration Levels",
  "defaultEnvManager": {
    "workspaceFolderValue": "undefined",
    "workspaceValue": "undefined",
    "globalValue": "undefined",
    "defaultValue": "ms-python.python:venv"
  },
  "defaultPackageManager": {
    "workspaceFolderValue": "undefined",
    "workspaceValue": "undefined",
    "globalValue": "undefined",
    "defaultValue": "ms-python.python:pip"
  }
}
2026-03-08 17:12:11.538 [info] [pet] Starting Python Locator /home/bap/.vscode/extensions/ms-python.vscode-python-envs-1.20.1-linux-x64/python-env-tools/bin/pet server
2026-03-08 17:12:11.539 [info] [pet] configure: Sending configuration update: {"workspaceDirectories":["/home/bap/dotfiles"],"environmentDirectories":["/home/bap/dotfiles/**/.venv"],"pipenvExecutable":"pipenv","poetryExecutable":"poetry","cacheDirectory":"/home/bap/.config/Code/User/globalStorage/ms-python.vscode-python-envs/pythonLocator"}
2026-03-08 17:12:11.630 [info] Discovered env: /usr/bin/python
2026-03-08 17:12:11.678 [info] Conda not found, turning off conda features. [Error: Conda not found
	at F (/home/bap/.vscode/extensions/ms-python.vscode-python-envs-1.20.1-linux-x64/dist/extension.js:2:578361)
	at runNextTicks (node:internal/process/task_queues:65:5)
	at process.processImmediate (node:internal/timers:453:9)
	at process.callbackTrampoline (node:internal/async_hooks:130:17)
	at async L (/home/bap/.vscode/extensions/ms-python.vscode-python-envs-1.20.1-linux-x64/dist/extension.js:2:578486)
	at async t.registerCondaFeatures (/home/bap/.vscode/extensions/ms-python.vscode-python-envs-1.20.1-linux-x64/dist/extension.js:2:596321)
	at async Promise.all (index 1)
	at async Immediate.<anonymous> (/home/bap/.vscode/extensions/ms-python.vscode-python-envs-1.20.1-linux-x64/dist/extension.js:2:717155)]
2026-03-08 17:12:11.679 [info] [pet] Telemetry:  {"event":"RefreshPerformance","data":{"refreshPerformance":{"total":129,"breakdown":{"GlobalVirtualEnvs":0,"Locators":82,"Path":129,"Workspaces":2},"locators":{"Conda":75,"Homebrew":0,"LinuxGlobal":81,"PipEnv":0,"Pixi":0,"Poetry":0,"PyEnv":0,"Uv":0,"Venv":0,"VirtualEnv":0,"VirtualEnvWrapper":0}}}}
2026-03-08 17:12:11.753 [info] Discovered env: /usr/bin/python
2026-03-08 17:12:11.765 [info] Pipenv not found
2026-03-08 17:12:11.765 [info] Pipenv not found, turning off pipenv features. If you have pipenv installed in a non-standard location, set the "python.pipenvPath" setting.
2026-03-08 17:12:11.765 [info] [pet] Telemetry:  {"event":"RefreshPerformance","data":{"refreshPerformance":{"total":84,"breakdown":{"GlobalVirtualEnvs":0,"Locators":73,"Path":84,"Workspaces":4},"locators":{"Conda":71,"Homebrew":0,"LinuxGlobal":72,"PipEnv":0,"Pixi":0,"Poetry":0,"PyEnv":0,"Uv":0,"Venv":0,"VirtualEnv":0,"VirtualEnvWrapper":0}}}}
2026-03-08 17:12:11.837 [info] Discovered env: /usr/bin/python
2026-03-08 17:12:11.849 [info] Pyenv not found, turning off pyenv features.
2026-03-08 17:12:11.849 [info] [pet] Telemetry:  {"event":"RefreshPerformance","data":{"refreshPerformance":{"total":82,"breakdown":{"GlobalVirtualEnvs":0,"Locators":70,"Path":82,"Workspaces":2},"locators":{"Conda":69,"Homebrew":0,"LinuxGlobal":70,"PipEnv":0,"Pixi":0,"Poetry":0,"PyEnv":0,"Uv":0,"Venv":0,"VirtualEnv":0,"VirtualEnvWrapper":0}}}}
2026-03-08 17:12:11.921 [info] Discovered env: /usr/bin/python
2026-03-08 17:12:11.932 [info] Poetry not found, turning off poetry features.
2026-03-08 17:12:11.933 [info] [interpreterSelection] Applying initial environment selection for 1 workspace folder(s)
2026-03-08 17:12:11.934 [info] [pet] Telemetry:  {"event":"RefreshPerformance","data":{"refreshPerformance":{"total":82,"breakdown":{"GlobalVirtualEnvs":0,"Locators":70,"Path":82,"Workspaces":3},"locators":{"Conda":69,"Homebrew":0,"LinuxGlobal":70,"PipEnv":0,"Pixi":0,"Poetry":0,"PyEnv":0,"Uv":0,"Venv":0,"VirtualEnv":0,"VirtualEnvWrapper":0}}}}
2026-03-08 17:12:11.936 [info] [interpreterSelection] dotfiles: Python 3.14.3 (source: autoDiscovery)
2026-03-08 17:12:11.936 [info] Python API: Changed environment from undefined to Python 3.14.3 for: /home/bap/dotfiles
2026-03-08 17:12:11.936 [info] Internal: Changed environment from undefined to Python 3.14.3 for: /home/bap/dotfiles
2026-03-08 17:12:11.937 [info] [interpreterSelection] global: Python 3.14.3 (source: autoDiscovery)
2026-03-08 17:12:11.942 [info] Python API: Changed environment from undefined to Python 3.14.3 for: global
2026-03-08 17:12:11.942 [info] Internal: Changed environment from undefined to Python 3.14.3 for: global
