2026-03-08 17:22:48.587 [info] RunInTerminalTool#CommandLineAutoApproveAnalyzer: Parsed sub-commands via bash grammar [["git status"]]
2026-03-08 17:22:48.588 [info] RunInTerminalTool#CommandLineAutoApproveAnalyzer: All sub-commands auto-approved [null]
2026-03-08 17:22:48.588 [info] RunInTerminalTool#CommandLineAutoApproveAnalyzer: - Command 'git status' is approved by allow list rule: /^git(\s+(-C\s+\S+|--no-pager))*\s+status\b/ [null]
2026-03-08 17:22:48.588 [info] RunInTerminalTool#CommandLineAutoApproveAnalyzer: - Command line 'git status' has no matching auto approve entries [null]
2026-03-08 17:22:48.593 [info] RunInTerminalTool#CommandLineFileWriteAnalyzer: File writes detected [[]]
2026-03-08 17:22:53.096 [info] ToolTerminalCreator#createTerminal: Waiting 5000ms for shell integration []
2026-03-08 17:22:53.175 [info] ToolTerminalCreator#_waitForShellIntegration: Rich SI available eventually []
2026-03-08 17:22:53.177 [info] ToolTerminalCreator#_waitForShellIntegration: Promise complete, disposing store []
2026-03-08 17:22:53.177 [info] ToolTerminalCreator#createTerminal: Waiting up to 2s for PromptInputModel state to change []
2026-03-08 17:22:56.624 [info] RunInTerminalTool#CommandLineAutoApproveAnalyzer: Parsed sub-commands via bash grammar [["ls -la /opt/visual-studio-code/resources/app/extensions/git/dist/git-editor.sh"]]
2026-03-08 17:22:56.624 [info] RunInTerminalTool#CommandLineAutoApproveAnalyzer: All sub-commands auto-approved [null]
2026-03-08 17:22:56.624 [info] RunInTerminalTool#CommandLineAutoApproveAnalyzer: - Command 'ls -la /opt/visual-studio-code/resources/app/extensions/git/dist/git-editor.sh' is approved by allow list rule: ls [null]
2026-03-08 17:22:56.624 [info] RunInTerminalTool#CommandLineAutoApproveAnalyzer: - Command line 'ls -la /opt/visual-studio-code/resources/app/extensions/git/dist/git-editor.sh' has no matching auto approve entries [null]
2026-03-08 17:22:56.630 [info] RunInTerminalTool#CommandLineFileWriteAnalyzer: File writes detected [[]]
2026-03-08 17:23:04.258 [info] RunInTerminalTool#CommandLineAutoApproveAnalyzer: Parsed sub-commands via bash grammar [["git commit -m \"Add workspace instructions for dotfiles\""]]
2026-03-08 17:23:04.259 [info] RunInTerminalTool#CommandLineAutoApproveAnalyzer: All sub-commands NOT auto-approved [null]
2026-03-08 17:23:04.259 [info] RunInTerminalTool#CommandLineAutoApproveAnalyzer: Command line NOT auto-approved [null]
2026-03-08 17:23:04.259 [info] RunInTerminalTool#CommandLineAutoApproveAnalyzer: - Command 'git commit -m "Add workspace instructions for dotfiles"' has no matching auto approve entries [null]
2026-03-08 17:23:04.259 [info] RunInTerminalTool#CommandLineAutoApproveAnalyzer: - Command line 'git commit -m "Add workspace instructions for dotfiles"' has no matching auto approve entries [null]
2026-03-08 17:23:04.265 [info] RunInTerminalTool#CommandLineFileWriteAnalyzer: File writes detected [[]]
