2026-03-21 21:16:30.959 [info] Extension host with pid 950107 started
2026-03-21 21:16:31.065 [info] ExtensionService#_doActivateExtension vscode.github-authentication, startup: false, activationEvent: 'onAuthenticationRequest:github'
2026-03-21 21:16:31.085 [info] ExtensionService#_doActivateExtension vscode.emmet, startup: false, activationEvent: 'onLanguage'
2026-03-21 21:16:31.117 [info] ExtensionService#_doActivateExtension vscode.git-base, startup: true, activationEvent: '*'
2026-03-21 21:16:31.119 [info] ExtensionService#_doActivateExtension christian-kohler.path-intellisense, startup: true, activationEvent: '*'
2026-03-21 21:16:31.126 [info] ExtensionService#_doActivateExtension formulahendry.auto-rename-tag, startup: true, activationEvent: '*'
2026-03-21 21:16:31.164 [info] ExtensionService#_doActivateExtension vscode.github, startup: true, activationEvent: '*'
2026-03-21 21:16:31.260 [info] Eager extensions activated
2026-03-21 21:16:31.264 [info] ExtensionService#_doActivateExtension vscode.debug-auto-launch, startup: false, activationEvent: 'onStartupFinished'
2026-03-21 21:16:31.266 [info] ExtensionService#_doActivateExtension vscode.merge-conflict, startup: false, activationEvent: 'onStartupFinished'
2026-03-21 21:16:31.277 [info] ExtensionService#_doActivateExtension Catppuccin.catppuccin-vsc, startup: false, activationEvent: 'onStartupFinished'
2026-03-21 21:16:31.281 [info] ExtensionService#_doActivateExtension eamodio.gitlens, startup: false, activationEvent: 'onStartupFinished'
2026-03-21 21:16:31.368 [info] ExtensionService#_doActivateExtension esbenp.prettier-vscode, startup: false, activationEvent: 'onStartupFinished'
2026-03-21 21:16:31.368 [info] ExtensionService#_doActivateExtension PKief.material-icon-theme, startup: false, activationEvent: 'onStartupFinished'
2026-03-21 21:16:31.379 [info] ExtensionService#_doActivateExtension sainnhe.everforest, startup: false, activationEvent: 'onStartupFinished'
2026-03-21 21:16:31.384 [info] ExtensionService#_doActivateExtension streetsidesoftware.code-spell-checker, startup: false, activationEvent: 'onStartupFinished'
2026-03-21 21:16:31.824 [info] ExtensionService#_doActivateExtension streetsidesoftware.code-spell-checker-vietnamese, startup: false, activationEvent: 'onStartupFinished'
2026-03-21 21:16:32.513 [info] ExtensionService#_doActivateExtension vscode.configuration-editing, startup: false, activationEvent: 'onLanguage:jsonc'
2026-03-21 21:16:32.520 [info] ExtensionService#_doActivateExtension vscode.json-language-features, startup: false, activationEvent: 'onLanguage:jsonc'
2026-03-21 21:16:32.585 [info] ExtensionService#_doActivateExtension vscode.typescript-language-features, startup: false, activationEvent: 'onLanguage:jsonc'
2026-03-21 21:16:35.186 [info] Extension host terminating: renderer closed the MessagePort
2026-03-21 21:16:35.195 [error] An error occurred when disposing the subscriptions for extension 'eamodio.gitlens':
2026-03-21 21:16:35.210 [error] TypeError: Cannot read properties of undefined (reading 'dispose')
    at Object.dispose (file:///opt/visual-studio-code/resources/app/out/vs/workbench/api/node/extensionHostProcess.js:521:147509)
    at be.<anonymous> (file:///opt/visual-studio-code/resources/app/out/vs/workbench/api/node/extensionHostProcess.js:490:34327)
    at be.dispose (file:///opt/visual-studio-code/resources/app/out/vs/workbench/api/node/extensionHostProcess.js:490:34404)
    at Object.dispose (/home/bap/.vscode/extensions/eamodio.gitlens-17.11.1/dist/gitlens.js:1641:17210)
    at /home/bap/.vscode/extensions/eamodio.gitlens-17.11.1/dist/gitlens.js:2430:58982
    at Array.forEach (<anonymous>)
    at Object.dispose (/home/bap/.vscode/extensions/eamodio.gitlens-17.11.1/dist/gitlens.js:2430:58963)
    at bn (file:///opt/visual-studio-code/resources/app/out/vs/workbench/api/node/extensionHostProcess.js:401:736)
    at Kk._fn (file:///opt/visual-studio-code/resources/app/out/vs/workbench/api/node/extensionHostProcess.js:498:18387)
    at Kk.dispose (file:///opt/visual-studio-code/resources/app/out/vs/workbench/api/node/extensionHostProcess.js:401:1248)
    at hk._deactivate (file:///opt/visual-studio-code/resources/app/out/vs/workbench/api/node/extensionHostProcess.js:498:14704)
    at file:///opt/visual-studio-code/resources/app/out/vs/workbench/api/node/extensionHostProcess.js:498:12006
    at Array.map (<anonymous>)
    at hk._deactivateAll (file:///opt/visual-studio-code/resources/app/out/vs/workbench/api/node/extensionHostProcess.js:498:11994)
    at hk.terminate (file:///opt/visual-studio-code/resources/app/out/vs/workbench/api/node/extensionHostProcess.js:498:12345)
    at r.terminate (file:///opt/visual-studio-code/resources/app/out/vs/workbench/api/node/extensionHostProcess.js:500:1072)
    at Us (file:///opt/visual-studio-code/resources/app/out/vs/workbench/api/node/extensionHostProcess.js:810:11700)
    at MessagePortMain.<anonymous> (file:///opt/visual-studio-code/resources/app/out/vs/workbench/api/node/extensionHostProcess.js:810:8122)
    at MessagePortMain.emit (node:events:519:28)
    at Object.MessagePortMain._internalPort.emit (node:electron/js2c/utility_init:2:2959)
    at Object.callbackTrampoline (node:internal/async_hooks:130:17)
2026-03-21 21:16:35.216 [info] Extension host with pid 950107 exiting with code 0
