2026-03-08 17:07:18.917 [info] [main] Log level: Info
2026-03-08 17:07:18.917 [info] [main] Validating found git in: "git"
2026-03-08 17:07:18.917 [info] [main] Using git "2.53.0" from "git"
2026-03-08 17:07:18.917 [info] [Model][doInitialScan] Initial repository scan started
2026-03-08 17:07:18.917 [info] > git rev-parse --show-toplevel [46ms]
2026-03-08 17:07:18.917 [info] > git rev-parse --git-dir --git-common-dir --show-superproject-working-tree [3ms]
2026-03-08 17:07:18.927 [info] [Model][openRepository] Opened repository (path): /home/bap/dotfiles
2026-03-08 17:07:18.927 [info] [Model][openRepository] Opened repository (real path): /home/bap/dotfiles
2026-03-08 17:07:18.927 [info] [Model][openRepository] Opened repository (kind): repository
2026-03-08 17:07:18.937 [info] > git config --get commit.template [3ms]
2026-03-08 17:07:18.947 [info] > git for-each-ref --format=%(refname)%00%(upstream:short)%00%(objectname)%00%(upstream:track)%00%(upstream:remotename)%00%(upstream:remoteref) refs/heads/master refs/remotes/master [1ms]
2026-03-08 17:07:18.972 [info] > git status -z -uall [11ms]
2026-03-08 17:07:18.972 [info] > git for-each-ref --sort -committerdate --format %(refname)%00%(objectname)%00%(*objectname) [5ms]
2026-03-08 17:07:18.993 [info] > git for-each-ref --format=%(refname)%00%(upstream:short)%00%(objectname)%00%(upstream:track)%00%(upstream:remotename)%00%(upstream:remoteref) refs/heads/master refs/remotes/master [8ms]
2026-03-08 17:07:18.998 [info] > git rev-parse --show-toplevel [27ms]
2026-03-08 17:07:19.006 [info] > git config --get --local branch.master.vscode-merge-base [8ms]
2026-03-08 17:07:19.006 [warning] [Git][config] git config failed: Failed to execute git
2026-03-08 17:07:19.013 [info] > git config --get commit.template [21ms]
2026-03-08 17:07:19.014 [info] > git rev-parse --show-toplevel [9ms]
2026-03-08 17:07:19.048 [info] > git rev-parse --show-toplevel [22ms]
2026-03-08 17:07:19.048 [info] > git for-each-ref --format=%(refname)%00%(upstream:short)%00%(objectname)%00%(upstream:track)%00%(upstream:remotename)%00%(upstream:remoteref) refs/heads/master refs/remotes/master [27ms]
2026-03-08 17:07:19.048 [info] > git reflog master --grep-reflog=branch: Created from *. [35ms]
2026-03-08 17:07:19.057 [info] > git symbolic-ref --short refs/remotes/origin/HEAD [5ms]
2026-03-08 17:07:19.061 [info] > git rev-parse --show-toplevel [5ms]
2026-03-08 17:07:19.072 [info] > git status -z -uall [8ms]
2026-03-08 17:07:19.072 [info] > git for-each-ref --format=%(refname)%00%(upstream:short)%00%(objectname)%00%(upstream:track)%00%(upstream:remotename)%00%(upstream:remoteref) refs/heads/origin/main refs/remotes/origin/main [12ms]
2026-03-08 17:07:19.077 [info] > git rev-parse --show-toplevel [6ms]
2026-03-08 17:07:19.077 [info] > git for-each-ref --sort -committerdate --format %(refname)%00%(objectname)%00%(*objectname) [9ms]
2026-03-08 17:07:19.091 [info] > git config --add --local branch.master.vscode-merge-base origin/main [16ms]
2026-03-08 17:07:19.097 [info] > git rev-parse --show-toplevel [7ms]
2026-03-08 17:07:19.102 [info] > git config --get commit.template [5ms]
2026-03-08 17:07:19.102 [info] > git rev-parse --show-toplevel [1ms]
2026-03-08 17:07:19.110 [info] > git for-each-ref --format=%(refname)%00%(upstream:short)%00%(objectname)%00%(upstream:track)%00%(upstream:remotename)%00%(upstream:remoteref) refs/heads/master refs/remotes/master [4ms]
2026-03-08 17:07:19.110 [info] > git rev-parse --show-toplevel [0ms]
2026-03-08 17:07:19.121 [info] > git status -z -uall [4ms]
2026-03-08 17:07:19.122 [info] > git rev-parse --show-toplevel [8ms]
2026-03-08 17:07:19.125 [info] > git for-each-ref --sort -committerdate --format %(refname)%00%(objectname)%00%(*objectname) [5ms]
2026-03-08 17:07:19.198 [info] > git merge-base refs/heads/master refs/remotes/origin/master [65ms]
2026-03-08 17:07:19.202 [info] > git rev-parse --show-toplevel [77ms]
2026-03-08 17:07:19.214 [info] > git diff --raw --numstat --diff-filter=ADMR -z --find-renames=50% 3f389ab51825a8fcb2abb53429e19101aff45e73...refs/remotes/origin/master -- [12ms]
2026-03-08 17:07:19.215 [info] > git merge-base refs/heads/master refs/remotes/origin/master [78ms]
2026-03-08 17:07:19.406 [info] > git diff --raw --numstat --diff-filter=ADMR -z --find-renames=50% 3f389ab51825a8fcb2abb53429e19101aff45e73...refs/remotes/origin/master -- [184ms]
2026-03-08 17:07:19.406 [info] > git rev-parse --show-toplevel [198ms]
2026-03-08 17:07:19.655 [info] > git rev-parse --show-toplevel [227ms]
2026-03-08 17:07:19.668 [info] > git rev-parse --show-toplevel [8ms]
2026-03-08 17:07:19.686 [info] > git rev-parse --show-toplevel [13ms]
2026-03-08 17:07:19.692 [info] > git rev-parse --show-toplevel [2ms]
2026-03-08 17:07:19.697 [info] > git rev-parse --show-toplevel [1ms]
2026-03-08 17:07:19.701 [info] > git rev-parse --show-toplevel [1ms]
2026-03-08 17:07:19.702 [info] [Model][doInitialScan] Initial repository scan completed - repositories (1), closed repositories (0), parent repositories (0), unsafe repositories (0)
2026-03-08 17:07:22.320 [info] > git config --get commit.template [10ms]
2026-03-08 17:07:22.329 [info] > git for-each-ref --format=%(refname)%00%(upstream:short)%00%(objectname)%00%(upstream:track)%00%(upstream:remotename)%00%(upstream:remoteref) refs/heads/master refs/remotes/master [2ms]
2026-03-08 17:07:22.340 [info] > git status -z -uall [6ms]
2026-03-08 17:07:22.341 [info] > git for-each-ref --sort -committerdate --format %(refname)%00%(objectname)%00%(*objectname) [2ms]
2026-03-08 17:07:27.358 [info] > git config --get commit.template [6ms]
2026-03-08 17:07:27.359 [info] > git for-each-ref --format=%(refname)%00%(upstream:short)%00%(objectname)%00%(upstream:track)%00%(upstream:remotename)%00%(upstream:remoteref) refs/heads/master refs/remotes/master [1ms]
2026-03-08 17:07:27.371 [info] > git status -z -uall [7ms]
2026-03-08 17:07:27.372 [info] > git for-each-ref --sort -committerdate --format %(refname)%00%(objectname)%00%(*objectname) [2ms]
2026-03-08 17:07:32.387 [info] > git config --get commit.template [5ms]
2026-03-08 17:07:32.388 [info] > git for-each-ref --format=%(refname)%00%(upstream:short)%00%(objectname)%00%(upstream:track)%00%(upstream:remotename)%00%(upstream:remoteref) refs/heads/master refs/remotes/master [1ms]
2026-03-08 17:07:32.398 [info] > git status -z -uall [6ms]
2026-03-08 17:07:32.400 [info] > git for-each-ref --sort -committerdate --format %(refname)%00%(objectname)%00%(*objectname) [2ms]
2026-03-08 17:07:37.416 [info] > git config --get commit.template [6ms]
2026-03-08 17:07:37.416 [info] > git for-each-ref --format=%(refname)%00%(upstream:short)%00%(objectname)%00%(upstream:track)%00%(upstream:remotename)%00%(upstream:remoteref) refs/heads/master refs/remotes/master [1ms]
2026-03-08 17:07:37.427 [info] > git status -z -uall [5ms]
2026-03-08 17:07:37.430 [info] > git for-each-ref --sort -committerdate --format %(refname)%00%(objectname)%00%(*objectname) [4ms]
2026-03-08 17:07:38.954 [info] > git log --format=%H%n%aN%n%aE%n%at%n%ct%n%P%n%D%n%B -z --shortstat --diff-merges=first-parent -n50 --skip=0 --topo-order --decorate=full --stdin [3ms]
2026-03-08 17:07:39.190 [info] > git merge-base master origin/master [2ms]
2026-03-08 17:07:39.615 [info] > git check-ignore -v -z --stdin [1ms]
2026-03-08 17:07:42.447 [info] > git config --get commit.template [7ms]
2026-03-08 17:07:42.448 [info] > git for-each-ref --format=%(refname)%00%(upstream:short)%00%(objectname)%00%(upstream:track)%00%(upstream:remotename)%00%(upstream:remoteref) refs/heads/master refs/remotes/master [2ms]
2026-03-08 17:07:42.460 [info] > git status -z -uall [6ms]
2026-03-08 17:07:42.462 [info] > git for-each-ref --sort -committerdate --format %(refname)%00%(objectname)%00%(*objectname) [2ms]
2026-03-08 17:07:47.289 [info] > git log --format=%H%n%aN%n%aE%n%at%n%ct%n%P%n%D%n%B -z --shortstat --diff-merges=first-parent -n50 --skip=0 --topo-order --decorate=full --stdin [3ms]
2026-03-08 17:07:47.349 [info] > git merge-base master origin/master [1ms]
2026-03-08 17:07:47.478 [info] > git config --get commit.template [5ms]
2026-03-08 17:07:47.479 [info] > git for-each-ref --format=%(refname)%00%(upstream:short)%00%(objectname)%00%(upstream:track)%00%(upstream:remotename)%00%(upstream:remoteref) refs/heads/master refs/remotes/master [1ms]
2026-03-08 17:07:47.490 [info] > git status -z -uall [6ms]
2026-03-08 17:07:47.492 [info] > git for-each-ref --sort -committerdate --format %(refname)%00%(objectname)%00%(*objectname) [2ms]
2026-03-08 17:07:52.507 [info] > git config --get commit.template [1ms]
2026-03-08 17:07:52.513 [info] > git for-each-ref --format=%(refname)%00%(upstream:short)%00%(objectname)%00%(upstream:track)%00%(upstream:remotename)%00%(upstream:remoteref) refs/heads/master refs/remotes/master [1ms]
2026-03-08 17:07:52.524 [info] > git status -z -uall [6ms]
2026-03-08 17:07:52.525 [info] > git for-each-ref --sort -committerdate --format %(refname)%00%(objectname)%00%(*objectname) [2ms]
2026-03-08 17:07:57.542 [info] > git config --get commit.template [7ms]
2026-03-08 17:07:57.542 [info] > git for-each-ref --format=%(refname)%00%(upstream:short)%00%(objectname)%00%(upstream:track)%00%(upstream:remotename)%00%(upstream:remoteref) refs/heads/master refs/remotes/master [1ms]
2026-03-08 17:07:57.553 [info] > git status -z -uall [6ms]
2026-03-08 17:07:57.554 [info] > git for-each-ref --sort -committerdate --format %(refname)%00%(objectname)%00%(*objectname) [1ms]
2026-03-08 17:08:02.375 [info] > git hash-object -t tree /dev/null [1ms]
2026-03-08 17:08:02.383 [info] > git diff-tree -r --raw --numstat --diff-filter=ADMR -z --find-renames=50% 4b825dc642cb6eb9a060e54bf8d69288fbee4904 3f389ab51825a8fcb2abb53429e19101aff45e73 -- [3ms]
2026-03-08 17:08:02.564 [info] > git config --get commit.template [1ms]
2026-03-08 17:08:02.570 [info] > git for-each-ref --format=%(refname)%00%(upstream:short)%00%(objectname)%00%(upstream:track)%00%(upstream:remotename)%00%(upstream:remoteref) refs/heads/master refs/remotes/master [1ms]
2026-03-08 17:08:02.580 [info] > git status -z -uall [5ms]
2026-03-08 17:08:02.581 [info] > git for-each-ref --sort -committerdate --format %(refname)%00%(objectname)%00%(*objectname) [1ms]
2026-03-08 17:08:02.920 [info] > git check-ignore -v -z --stdin [1ms]
2026-03-08 17:08:19.832 [info] > git config --get commit.template [1ms]
2026-03-08 17:08:19.839 [info] > git for-each-ref --format=%(refname)%00%(upstream:short)%00%(objectname)%00%(upstream:track)%00%(upstream:remotename)%00%(upstream:remoteref) refs/heads/master refs/remotes/master [1ms]
2026-03-08 17:08:19.848 [info] > git status -z -uall [4ms]
2026-03-08 17:08:19.849 [info] > git for-each-ref --sort -committerdate --format %(refname)%00%(objectname)%00%(*objectname) [1ms]
