2026-03-15 09:20:42.387 [info] Reading sessions from keychain...
2026-03-15 09:20:42.388 [info] Getting sessions for all scopes...
2026-03-15 09:20:42.388 [info] Got stored sessions!
2026-03-15 09:20:42.388 [info] Got 2 verified sessions.
2026-03-15 09:20:42.388 [info] Got 2 sessions for ...
2026-03-15 09:20:42.388 [info] Getting sessions for all scopes...
2026-03-15 09:20:42.388 [info] Got 2 sessions for ...
2026-03-15 09:20:42.388 [info] Getting sessions for all scopes...
2026-03-15 09:20:42.388 [info] Got 2 sessions for ...
2026-03-15 09:20:42.388 [info] Getting sessions for user:email...
2026-03-15 09:20:42.388 [info] Got 1 sessions for user:email...
2026-03-15 09:20:42.388 [info] Getting sessions for all scopes...
2026-03-15 09:20:42.388 [info] Got 2 sessions for ...
2026-03-15 09:20:42.388 [info] Getting sessions for all scopes...
2026-03-15 09:20:42.388 [info] Got 2 sessions for ...
2026-03-15 09:20:42.388 [info] Getting sessions for all scopes...
2026-03-15 09:20:42.388 [info] Got 2 sessions for ...
2026-03-15 09:20:42.388 [info] Getting sessions for all scopes...
2026-03-15 09:20:42.388 [info] Got 2 sessions for ...
2026-03-15 09:20:42.388 [info] Getting sessions for all scopes...
2026-03-15 09:20:42.388 [info] Got 2 sessions for ...
2026-03-15 09:20:42.388 [info] Getting sessions for read:user,repo,user:email,workflow...
2026-03-15 09:20:42.388 [info] Got 1 sessions for read:user,repo,user:email,workflow...
2026-03-15 09:20:42.852 [info] Getting sessions for all scopes...
2026-03-15 09:20:42.852 [info] Got 2 sessions for ...
2026-03-15 09:20:42.891 [info] Getting sessions for user:email...
2026-03-15 09:20:42.891 [info] Got 1 sessions for user:email...
2026-03-15 09:20:42.926 [info] Getting sessions for read:user,repo,user:email,workflow...
2026-03-15 09:20:42.926 [info] Got 1 sessions for read:user,repo,user:email,workflow...
2026-03-15 09:20:42.942 [info] Getting sessions for read:user,repo,user:email...
2026-03-15 09:20:42.942 [info] Got 0 sessions for read:user,repo,user:email...
2026-03-15 09:20:43.036 [info] Getting sessions for all scopes...
2026-03-15 09:20:43.036 [info] Got 2 sessions for ...
2026-03-15 09:20:43.036 [info] Getting sessions for all scopes...
2026-03-15 09:20:43.036 [info] Got 2 sessions for ...
2026-03-15 09:20:43.039 [info] Getting sessions for read:user,repo,user:email,workflow...
2026-03-15 09:20:43.039 [info] Got 1 sessions for read:user,repo,user:email,workflow...
2026-03-15 09:20:43.100 [info] Getting sessions for all scopes...
2026-03-15 09:20:43.100 [info] Got 2 sessions for ...
2026-03-15 09:20:43.100 [info] Getting sessions for all scopes...
2026-03-15 09:20:43.100 [info] Got 2 sessions for ...
2026-03-15 09:20:43.105 [info] Getting sessions for read:user,repo,user:email,workflow...
2026-03-15 09:20:43.105 [info] Got 1 sessions for read:user,repo,user:email,workflow...
2026-03-15 09:20:43.874 [info] Getting sessions for all scopes...
2026-03-15 09:20:43.874 [info] Got 2 sessions for ...
2026-03-15 09:20:43.874 [info] Getting sessions for read:user,repo,user:email,workflow...
2026-03-15 09:20:43.874 [info] Got 1 sessions for read:user,repo,user:email,workflow...
2026-03-15 09:20:43.926 [info] Getting sessions for all scopes...
2026-03-15 09:20:43.926 [info] Got 2 sessions for ...
2026-03-15 09:20:43.927 [info] Getting sessions for read:user,repo,user:email,workflow...
2026-03-15 09:20:43.927 [info] Got 1 sessions for read:user,repo,user:email,workflow...
